report,30000.04865999699
vehicle,kids & work,drowned-driving,08:11:21,cell 299135.779378640.1388,link 4000000012495072+
vehicle,kids & work,stranded,07:56:44,node 4000000012473477
vehicle,kids & work,stranded,08:13:04,node 4000000012473597
vehicle,kids & work,drowned-driving,07:56:32,cell 296635.779379240.1388,link 4000000012478053+
vehicle,kids & work,drowned-parked,08:15:02,node 4000000012473723
vehicle,kids & work,drowned-driving,07:56:45,cell 297785.779379690.1388,link 4000000012495105-
vehicle,kids & work,drowned-driving,07:56:02,cell 297635.779379490.1388,link 4000000012495048+
vehicle,kids & work,drowned-driving,07:56:49,cell 297835.779379290.1388,link 4000000012495068-
vehicle,kids & work,drowned-driving,07:56:37,cell 296835.779379190.1388,link 4000000012482492+
vehicle,kids & work,drowned-driving,07:56:57,cell 297635.779379590.1388,link 4000000012487964+
vehicle,kids & work,drowned-parked,08:12:31,node 4000000012473582
vehicle,kids & work,drowned-driving,07:56:27,cell 297085.779379240.1388,link 4000000012487934+
vehicle,kids & work,drowned-parked,08:15:02,node 4000000012473711
vehicle,kids & work,stranded,08:11:44,node 4000000012515522
vehicle,kids & work,drowned-parked,07:56:42,node 4000000012473539
vehicle,kids & work,drowned-driving,07:56:50,cell 296635.779379240.1388,link 4000000012478053+
vehicle,kids & work,stranded,07:56:46,node 4000000012473527
vehicle,kids & work,drowned-driving,07:56:36,cell 296835.779379190.1388,link 4000000012482492-
vehicle,kids & work,drowned-driving,07:56:36,cell 296835.779379190.1388,link 4000000012482492+
vehicle,kids & work,drowned-parked,08:09:58,node 4000000012473591
vehicle,kids & work,drowned-driving,07:56:38,cell 296785.779379190.1388,link 4000000012482492+
vehicle,kids & work,drowned-driving,07:56:31,cell 296685.779379190.1388,link 4000000012478053-
vehicle,kids & work,drowned-driving,07:57:06,cell 297835.779379290.1388,link 4000000012495068-
vehicle,kids & work,drowned-driving,07:56:47,cell 297135.779379240.1388,link 4000000012501482+
vehicle,kids & work,stranded,08:12:08,node 4000000012473597
vehicle,kids & work,drowned-parked,08:12:31,node 4000000012473582
vehicle,kids & work,drowned-driving,07:56:07,cell 297635.779379490.1388,link 4000000012495048-
vehicle,kids & work,drowned-driving,07:56:28,cell 296635.779379240.1388,link 4000000012478053+
vehicle,kids & work,drowned-driving,07:56:36,cell 296835.779379190.1388,link 4000000012482492+
vehicle,kids & work,drowned-driving,07:56:38,cell 296785.779379190.1388,link 4000000012482492+
vehicle,kids & work,drowned-driving,07:56:20,cell 297735.779379390.1388,link 4000000012501498-
vehicle,kids & work,drowned-driving,07:56:59,cell 297885.779379740.1388,link 4000000012501530-
vehicle,kids & work,drowned-driving,07:59:10,cell 297385.779379240.1388,link 4000000012501487-
vehicle,kids & work,drowned-driving,08:12:14,cell 299135.779378640.1388,link 4000000012495072+
vehicle,kids & work,drowned-driving,07:56:36,cell 296635.779379240.1388,link 4000000012478053+
vehicle,kids & work,drowned-driving,07:56:45,cell 296935.779379190.1388,link 4000000012487934+
vehicle,kids & work,drowned-driving,07:56:31,cell 296635.779379240.1388,link 4000000012478053+
vehicle,kids & work,drowned-driving,07:56:32,cell 296735.779379190.1388,link 4000000012482492+
vehicle,kids & work,stranded,08:12:52,node 4000000012515522
vehicle,kids & work,drowned-parked,08:09:58,node 4000000012473591
vehicle,kids & work,drowned-driving,07:57:13,cell 297585.779379290.1388,link 4000000012495062-
vehicle,kids & work,drowned-driving,07:55:10,cell 296935.779379590.1388,link 4000000012478055+
vehicle,kids & work,drowned-driving,07:56:25,cell 297585.779379540.1388,link 4000000012487964+
vehicle,kids & work,drowned-driving,07:56:59,cell 297885.779379740.1388,link 4000000012501530-
vehicle,kids & work,drowned-driving,07:56:32,cell 296735.779379190.1388,link 4000000012482492-
vehicle,kids & work,drowned-driving,08:00:42,cell 297835.779379040.1388,link 4000000012487943-
vehicle,kids & work,stranded,08:12:22,node 4000000012473597
vehicle,kids & work,drowned-parked,08:15:02,node 4000000012473711
vehicle,kids & work,drowned-parked,08:19:57,node 4000000012473832
vehicle,kids & work,drowned-driving,07:56:45,cell 296985.779379190.1388,link 4000000012487934-
vehicle,kids & work,drowned-driving,08:12:41,cell 298585.779379190.1388,link 4000000012515733-
vehicle,kids & work,drowned-driving,07:56:27,cell 296635.779379240.1388,link 4000000012478053+
vehicle,kids & work,drowned-driving,07:56:34,cell 296635.779379240.1388,link 4000000012478053+
vehicle,kids & work,drowned-driving,08:13:14,cell 298235.779380140.1388,link 4000000012513341+
vehicle,kids & work,drowned-driving,07:56:45,cell 297785.779379690.1388,link 4000000012495105-
vehicle,kids & work,drowned-driving,07:56:36,cell 297085.779379240.1388,link 4000000012487934-
vehicle,kids & work,drowned-driving,07:56:20,cell 297735.779379390.1388,link 4000000012501498+
vehicle,kids & work,drowned-driving,08:14:33,cell 299035.779378590.1388,link 4000000012495077-
vehicle,kids & work,drowned-driving,07:59:06,cell 298385.779379890.1388,link 4000000012482506-
vehicle,kids & work,drowned-parked,08:15:02,node 4000000012473723
vehicle,kids & work,drowned-driving,08:11:56,cell 298585.779379190.1388,link 4000000012515733-
vehicle,kids & work,drowned-driving,07:56:34,cell 296635.779379240.1388,link 4000000012478053+
vehicle,kids & work,drowned-parked,07:56:17,node 4000000012473528
vehicle,kids & work,drowned-parked,08:12:31,node 4000000012473586
vehicle,kids & work,drowned-driving,07:56:36,cell 296835.779379190.1388,link 4000000012482492+
vehicle,kids & work,drowned-driving,07:56:43,cell 297035.779379190.1388,link 4000000012487938+
vehicle,kids & work,drowned-driving,07:56:18,cell 297685.779379390.1388,link 4000000012501497-
vehicle,kids & work,drowned-driving,07:56:59,cell 297885.779379740.1388,link 4000000012501530-
vehicle,kids & work,drowned-driving,07:56:38,cell 296785.779379190.1388,link 4000000012482492+
vehicle,kids & work,stranded,08:12:18,node 4000000012473577
vehicle,kids & work,drowned-driving,07:56:36,cell 296835.779379190.1388,link 4000000012482492+
vehicle,kids & work,drowned-driving,07:56:17,cell 297685.779379440.1388,link 4000000012501497-
vehicle,kids & work,drowned-driving,07:56:45,cell 297785.779379690.1388,link 4000000012495105-
vehicle,kids & work,stranded,07:50:50,node 4000000012862391
vehicle,kids & work,drowned-parked,07:56:31,node 4000000012473477
vehicle,kids & work,drowned-driving,07:56:59,cell 297885.779379740.1388,link 4000000012487963-
vehicle,kids & work,drowned-driving,07:56:36,cell 296835.779379190.1388,link 4000000012482492+
vehicle,kids & work,drowned-driving,08:12:57,cell 299135.779378690.1388,link 4000000012495072+
vehicle,kids & work,drowned-driving,07:56:27,cell 296635.779379240.1388,link 4000000012478053-
vehicle,kids & work,drowned-driving,07:59:01,cell 298085.779379890.1388,link 4000000012487965-
vehicle,kids & work,drowned-driving,07:56:34,cell 296735.779379190.1388,link 4000000012482492-
vehicle,kids & work,drowned-driving,07:57:06,cell 297785.779379240.1388,link 4000000012495063-
vehicle,kids & work,drowned-driving,08:03:24,cell 297785.779378840.1388,link 4000000012487932-
vehicle,kids & work,drowned-parked,08:13:09,node 4000000012473569
vehicle,kids & work,drowned-driving,07:56:29,cell 297085.779379240.1388,link 4000000012487934+
vehicle,kids & work,drowned-driving,07:55:07,cell 297035.779379590.1388,link 4000000012478055+
vehicle,kids & work,drowned-parked,08:04:20,node 4000000012473715
vehicle,kids & work,drowned-driving,07:56:33,cell 296635.779379240.1388,link 4000000012478053+
vehicle,kids & work,stranded,08:11:53,node 4000000012473597
vehicle,kids & work,drowned-driving,07:56:13,cell 297685.779379440.1388,link 4000000012501497-
vehicle,kids & work,drowned-driving,08:12:12,cell 298585.779379190.1388,link 4000000012515733-
vehicle,kids & work,drowned-driving,07:56:36,cell 296835.779379190.1388,link 4000000012482492+
vehicle,kids & work,drowned-driving,07:56:44,cell 296635.779379240.1388,link 4000000012478053+
