2024-08-29 21:24:42 DEBUG Txt2Json - Single Carriageway
2024-08-29 21:24:42 DEBUG Txt2Json - sc
2024-08-29 21:24:42 DEBUG Txt2Json - Single Carriageway
2024-08-29 21:24:42 DEBUG Txt2Json - sc
2024-08-29 21:24:42 DEBUG Txt2Json - Single Carriageway
2024-08-29 21:24:42 DEBUG Txt2Json - sc
2024-08-29 21:24:42 DEBUG Txt2Json - Single Carriageway
2024-08-29 21:24:42 DEBUG Txt2Json - sc
2024-08-29 21:24:42 DEBUG Txt2Json - Single Carriageway
2024-08-29 21:24:42 DEBUG Txt2Json - sc
2024-08-29 21:24:42 DEBUG Txt2Json - Single Carriageway
2024-08-29 21:24:42 DEBUG Txt2Json - sc
2024-08-29 21:24:42 DEBUG Txt2Json - Single Carriageway
2024-08-29 21:24:42 DEBUG Txt2Json - sc
2024-08-29 21:24:42 DEBUG Txt2Json - Single Carriageway
2024-08-29 21:24:42 DEBUG Txt2Json - sc
2024-08-29 21:24:42 DEBUG Txt2Json - Single Carriageway
2024-08-29 21:24:42 DEBUG Txt2Json - sc
2024-08-29 21:24:42 DEBUG Txt2Json - Single Carriageway
2024-08-29 21:24:42 DEBUG Txt2Json - sc
2024-08-29 21:24:42 DEBUG Txt2Json - Single Carriageway
2024-08-29 21:24:42 DEBUG Txt2Json - sc
2024-08-29 21:24:42 DEBUG Txt2Json - Single Carriageway
2024-08-29 21:24:42 DEBUG Txt2Json - sc
2024-08-29 21:24:42 DEBUG Txt2Json - Single Carriageway
2024-08-29 21:24:42 DEBUG Txt2Json - sc
2024-08-29 21:24:42 DEBUG Txt2Json - Single Carriageway
2024-08-29 21:24:42 DEBUG Txt2Json - sc
2024-08-29 21:24:42 DEBUG Txt2Json - Single Carriageway
2024-08-29 21:24:42 DEBUG Txt2Json - sc
2024-08-29 21:24:42 DEBUG Txt2Json - Single Carriageway
2024-08-29 21:24:42 DEBUG Txt2Json - sc
2024-08-29 21:24:42 DEBUG Txt2Json - Single Carriageway
2024-08-29 21:24:42 DEBUG Txt2Json - sc
2024-08-29 21:24:42 DEBUG Txt2Json - Single Carriageway
2024-08-29 21:24:42 DEBUG Txt2Json - sc
2024-08-29 21:24:42 DEBUG Txt2Json - Single Carriageway
2024-08-29 21:24:42 DEBUG Txt2Json - sc
2024-08-29 21:24:42 DEBUG Txt2Json - Single Carriageway
2024-08-29 21:24:42 DEBUG Txt2Json - sc
2024-08-29 21:24:42 DEBUG Txt2Json - Single Carriageway
2024-08-29 21:24:42 DEBUG Txt2Json - sc
2024-08-29 21:24:42 DEBUG Txt2Json - Single Carriageway
2024-08-29 21:24:42 DEBUG Txt2Json - sc
2024-08-29 21:24:42 DEBUG Txt2Json - Single Carriageway
2024-08-29 21:24:42 DEBUG Txt2Json - sc
2024-08-29 21:24:42 DEBUG Txt2Json - Single Carriageway
2024-08-29 21:24:42 DEBUG Txt2Json - sc
2024-08-29 21:24:42 DEBUG Txt2Json - Single Carriageway
2024-08-29 21:24:42 DEBUG Txt2Json - sc
2024-08-29 21:24:42 DEBUG Txt2Json - Single Carriageway
2024-08-29 21:24:42 DEBUG Txt2Json - sc
2024-08-29 21:24:42 DEBUG Txt2Json - Single Carriageway
2024-08-29 21:24:42 DEBUG Txt2Json - sc
2024-08-29 21:24:42 DEBUG Txt2Json - Single Carriageway
2024-08-29 21:24:42 DEBUG Txt2Json - sc
2024-08-29 21:24:42 DEBUG Txt2Json - Single Carriageway
2024-08-29 21:24:42 DEBUG Txt2Json - sc
2024-08-29 21:24:42 DEBUG Txt2Json - Single Carriageway
2024-08-29 21:24:42 DEBUG Txt2Json - sc
2024-08-29 21:24:42 DEBUG Txt2Json - Single Carriageway
2024-08-29 21:24:42 DEBUG Txt2Json - sc
2024-08-29 21:24:42 DEBUG Txt2Json - Single Carriageway
2024-08-29 21:24:42 DEBUG Txt2Json - sc
2024-08-29 21:24:42 DEBUG Txt2Json - Single Carriageway
2024-08-29 21:24:42 DEBUG Txt2Json - sc
2024-08-29 21:24:42 DEBUG Txt2Json - Single Carriageway
2024-08-29 21:24:42 DEBUG Txt2Json - sc
2024-08-29 21:24:42 DEBUG Txt2Json - Single Carriageway
2024-08-29 21:24:42 DEBUG Txt2Json - sc
2024-08-29 21:24:42 DEBUG Txt2Json - Single Carriageway
2024-08-29 21:24:42 DEBUG Txt2Json - sc
2024-08-29 21:24:42 DEBUG Txt2Json - Single Carriageway
2024-08-29 21:24:42 DEBUG Txt2Json - sc
2024-08-29 21:24:42 DEBUG Txt2Json - Single Carriageway
2024-08-29 21:24:42 DEBUG Txt2Json - sc
2024-08-29 21:24:42 DEBUG Txt2Json - Single Carriageway
2024-08-29 21:24:42 DEBUG Txt2Json - sc
2024-08-29 21:24:42 DEBUG Txt2Json - Single Carriageway
2024-08-29 21:24:42 DEBUG Txt2Json - sc
2024-08-29 21:24:42 DEBUG Txt2Json - Single Carriageway
2024-08-29 21:24:42 DEBUG Txt2Json - sc
2024-08-29 21:24:42 DEBUG Txt2Json - Single Carriageway
2024-08-29 21:24:42 DEBUG Txt2Json - sc
2024-08-29 21:24:42 DEBUG Txt2Json - Single Carriageway
2024-08-29 21:24:42 DEBUG Txt2Json - sc
2024-08-29 21:24:42 DEBUG Txt2Json - Single Carriageway
2024-08-29 21:24:42 DEBUG Txt2Json - sc
2024-08-29 21:24:42 DEBUG Txt2Json - Single Carriageway
2024-08-29 21:24:42 DEBUG Txt2Json - sc
2024-08-29 21:24:42 DEBUG Txt2Json - Single Carriageway
2024-08-29 21:24:42 DEBUG Txt2Json - sc
2024-08-29 21:24:42 DEBUG Txt2Json - Single Carriageway
2024-08-29 21:24:42 DEBUG Txt2Json - sc
2024-08-29 21:24:42 DEBUG Txt2Json - Single Carriageway
2024-08-29 21:24:42 DEBUG Txt2Json - sc
2024-08-29 21:24:42 DEBUG Txt2Json - Single Carriageway
2024-08-29 21:24:42 DEBUG Txt2Json - sc
2024-08-29 21:24:42 DEBUG Txt2Json - Single Carriageway
2024-08-29 21:24:42 DEBUG Txt2Json - sc
2024-08-29 21:24:42 DEBUG Txt2Json - Single Carriageway
2024-08-29 21:24:42 DEBUG Txt2Json - sc
2024-08-29 21:24:42 DEBUG Txt2Json - Single Carriageway
2024-08-29 21:24:42 DEBUG Txt2Json - sc
2024-08-29 21:24:42 DEBUG Txt2Json - Single Carriageway
2024-08-29 21:24:42 DEBUG Txt2Json - sc
2024-08-29 21:24:42 DEBUG Txt2Json - Single Carriageway
2024-08-29 21:24:42 DEBUG Txt2Json - sc
2024-08-29 21:24:42 DEBUG Txt2Json - Single Carriageway
2024-08-29 21:24:42 DEBUG Txt2Json - sc
2024-08-29 21:24:42 DEBUG Txt2Json - Single Carriageway
2024-08-29 21:24:42 DEBUG Txt2Json - sc
2024-08-29 21:24:42 DEBUG Txt2Json - Single Carriageway
2024-08-29 21:24:42 DEBUG Txt2Json - sc
2024-08-29 21:24:42 DEBUG Txt2Json - Single Carriageway
2024-08-29 21:24:42 DEBUG Txt2Json - sc
2024-08-29 21:24:42 DEBUG Txt2Json - Single Carriageway
2024-08-29 21:24:42 DEBUG Txt2Json - sc
2024-08-29 21:24:42 DEBUG Txt2Json - Single Carriageway
2024-08-29 21:24:42 DEBUG Txt2Json - sc
2024-08-29 21:24:42 DEBUG Txt2Json - Single Carriageway
2024-08-29 21:24:42 DEBUG Txt2Json - sc
2024-08-29 21:24:42 DEBUG Txt2Json - Single Carriageway
2024-08-29 21:24:42 DEBUG Txt2Json - sc
2024-08-29 21:24:42 DEBUG Txt2Json - Single Carriageway
2024-08-29 21:24:42 DEBUG Txt2Json - sc
2024-08-29 21:24:42 DEBUG Txt2Json - Single Carriageway
2024-08-29 21:24:42 DEBUG Txt2Json - sc
2024-08-29 21:24:42 DEBUG Txt2Json - Single Carriageway
2024-08-29 21:24:42 DEBUG Txt2Json - sc
2024-08-29 21:24:42 DEBUG Txt2Json - Single Carriageway
2024-08-29 21:24:42 DEBUG Txt2Json - sc
2024-08-29 21:24:42 DEBUG Txt2Json - Single Carriageway
2024-08-29 21:24:42 DEBUG Txt2Json - sc
2024-08-29 21:24:42 DEBUG Txt2Json - Single Carriageway
2024-08-29 21:24:42 DEBUG Txt2Json - sc
2024-08-29 21:24:42 DEBUG Txt2Json - Roundabout
2024-08-29 21:24:42 DEBUG Txt2Json - 
2024-08-29 21:24:42 DEBUG Txt2Json - Roundabout
2024-08-29 21:24:42 DEBUG Txt2Json - 
2024-08-29 21:24:42 DEBUG Txt2Json - Single Carriageway
2024-08-29 21:24:42 DEBUG Txt2Json - sc
2024-08-29 21:24:42 DEBUG Txt2Json - Single Carriageway
2024-08-29 21:24:42 DEBUG Txt2Json - sc
2024-08-29 21:24:42 DEBUG Txt2Json - Single Carriageway
2024-08-29 21:24:42 DEBUG Txt2Json - sc
2024-08-29 21:24:42 DEBUG Txt2Json - Single Carriageway
2024-08-29 21:24:42 DEBUG Txt2Json - sc
2024-08-29 21:24:42 DEBUG Txt2Json - Single Carriageway
2024-08-29 21:24:42 DEBUG Txt2Json - sc
2024-08-29 21:24:42 DEBUG Txt2Json - Single Carriageway
2024-08-29 21:24:42 DEBUG Txt2Json - sc
2024-08-29 21:24:42 DEBUG Txt2Json - Roundabout
2024-08-29 21:24:42 DEBUG Txt2Json - 
2024-08-29 21:24:42 DEBUG Txt2Json - Single Carriageway
2024-08-29 21:24:42 DEBUG Txt2Json - sc
2024-08-29 21:24:42 DEBUG Txt2Json - Single Carriageway
2024-08-29 21:24:42 DEBUG Txt2Json - sc
2024-08-29 21:24:42 DEBUG Txt2Json - Single Carriageway
2024-08-29 21:24:42 DEBUG Txt2Json - sc
2024-08-29 21:24:42 DEBUG Txt2Json - Single Carriageway
2024-08-29 21:24:42 DEBUG Txt2Json - sc
2024-08-29 21:24:42 DEBUG Txt2Json - Single Carriageway
2024-08-29 21:24:42 DEBUG Txt2Json - sc
2024-08-29 21:24:42 DEBUG Txt2Json - Single Carriageway
2024-08-29 21:24:42 DEBUG Txt2Json - sc
2024-08-29 21:24:42 DEBUG Txt2Json - Single Carriageway
2024-08-29 21:24:42 DEBUG Txt2Json - sc
2024-08-29 21:24:42 DEBUG Txt2Json - Single Carriageway
2024-08-29 21:24:42 DEBUG Txt2Json - sc
2024-08-29 21:24:42 DEBUG Txt2Json - Single Carriageway
2024-08-29 21:24:42 DEBUG Txt2Json - sc
2024-08-29 21:24:42 DEBUG Txt2Json - Single Carriageway
2024-08-29 21:24:42 DEBUG Txt2Json - sc
2024-08-29 21:24:42 DEBUG Txt2Json - Single Carriageway
2024-08-29 21:24:42 DEBUG Txt2Json - sc
2024-08-29 21:24:42 DEBUG Txt2Json - Single Carriageway
2024-08-29 21:24:42 DEBUG Txt2Json - sc
2024-08-29 21:24:42 DEBUG Txt2Json - Single Carriageway
2024-08-29 21:24:42 DEBUG Txt2Json - sc
2024-08-29 21:24:42 DEBUG Txt2Json - Single Carriageway
2024-08-29 21:24:42 DEBUG Txt2Json - sc
2024-08-29 21:24:42 DEBUG Txt2Json - Single Carriageway
2024-08-29 21:24:42 DEBUG Txt2Json - sc
2024-08-29 21:24:42 DEBUG Txt2Json - Single Carriageway
2024-08-29 21:24:42 DEBUG Txt2Json - sc
2024-08-29 21:24:42 DEBUG Txt2Json - Single Carriageway
2024-08-29 21:24:42 DEBUG Txt2Json - sc
2024-08-29 21:24:42 DEBUG Txt2Json - Single Carriageway
2024-08-29 21:24:42 DEBUG Txt2Json - sc
2024-08-29 21:24:42 DEBUG Txt2Json - Single Carriageway
2024-08-29 21:24:42 DEBUG Txt2Json - sc
2024-08-29 21:24:42 DEBUG Txt2Json - Single Carriageway
2024-08-29 21:24:42 DEBUG Txt2Json - sc
2024-08-29 21:24:42 DEBUG Txt2Json - Single Carriageway
2024-08-29 21:24:42 DEBUG Txt2Json - sc
2024-08-29 21:24:42 DEBUG Txt2Json - Single Carriageway
2024-08-29 21:24:42 DEBUG Txt2Json - sc
2024-08-29 21:24:42 DEBUG Txt2Json - Single Carriageway
2024-08-29 21:24:42 DEBUG Txt2Json - sc
2024-08-29 21:24:42 DEBUG Txt2Json - Traffic Island Link At Junction
2024-08-29 21:24:42 DEBUG Txt2Json - 
2024-08-29 21:24:42 DEBUG Txt2Json - Single Carriageway
2024-08-29 21:24:42 DEBUG Txt2Json - sc
2024-08-29 21:24:42 DEBUG Txt2Json - Single Carriageway
2024-08-29 21:24:42 DEBUG Txt2Json - sc
2024-08-29 21:24:42 DEBUG Txt2Json - Slip Road
2024-08-29 21:24:42 DEBUG Txt2Json - 
2024-08-29 21:24:42 DEBUG Txt2Json - Single Carriageway
2024-08-29 21:24:42 DEBUG Txt2Json - sc
2024-08-29 21:24:42 DEBUG Txt2Json - Single Carriageway
2024-08-29 21:24:42 DEBUG Txt2Json - sc
2024-08-29 21:24:42 DEBUG Txt2Json - Traffic Island Link At Junction
2024-08-29 21:24:42 DEBUG Txt2Json - 
2024-08-29 21:24:42 DEBUG Txt2Json - Single Carriageway
2024-08-29 21:24:42 DEBUG Txt2Json - sc
2024-08-29 21:24:42 DEBUG Txt2Json - Single Carriageway
2024-08-29 21:24:42 DEBUG Txt2Json - sc
2024-08-29 21:24:42 DEBUG Txt2Json - Single Carriageway
2024-08-29 21:24:42 DEBUG Txt2Json - sc
2024-08-29 21:24:42 DEBUG Txt2Json - Single Carriageway
2024-08-29 21:24:42 DEBUG Txt2Json - sc
2024-08-29 21:24:42 DEBUG Txt2Json - Traffic Island Link At Junction
2024-08-29 21:24:42 DEBUG Txt2Json - 
2024-08-29 21:24:42 DEBUG Txt2Json - Single Carriageway
2024-08-29 21:24:42 DEBUG Txt2Json - sc
2024-08-29 21:24:42 DEBUG Txt2Json - Traffic Island Link At Junction
2024-08-29 21:24:42 DEBUG Txt2Json - 
2024-08-29 21:24:42 DEBUG Txt2Json - Traffic Island Link At Junction
2024-08-29 21:24:42 DEBUG Txt2Json - 
2024-08-29 21:24:42 DEBUG Txt2Json - Traffic Island Link At Junction
2024-08-29 21:24:42 DEBUG Txt2Json - 
2024-08-29 21:24:42 DEBUG Txt2Json - Single Carriageway
2024-08-29 21:24:42 DEBUG Txt2Json - sc
2024-08-29 21:24:42 DEBUG Txt2Json - Single Carriageway
2024-08-29 21:24:42 DEBUG Txt2Json - sc
2024-08-29 21:24:42 DEBUG Txt2Json - Enclosed Traffic Area Link
2024-08-29 21:24:42 DEBUG Txt2Json - 
2024-08-29 21:24:42 DEBUG Txt2Json - Single Carriageway
2024-08-29 21:24:42 DEBUG Txt2Json - sc
2024-08-29 21:24:42 DEBUG Txt2Json - Single Carriageway
2024-08-29 21:24:42 DEBUG Txt2Json - sc
2024-08-29 21:24:42 DEBUG Txt2Json - Traffic Island Link At Junction
2024-08-29 21:24:42 DEBUG Txt2Json - 
2024-08-29 21:24:42 DEBUG Txt2Json - Single Carriageway
2024-08-29 21:24:42 DEBUG Txt2Json - sc
2024-08-29 21:24:42 DEBUG Txt2Json - Single Carriageway
2024-08-29 21:24:42 DEBUG Txt2Json - sc
2024-08-29 21:24:42 DEBUG Txt2Json - Single Carriageway
2024-08-29 21:24:42 DEBUG Txt2Json - sc
2024-08-29 21:24:42 DEBUG Txt2Json - Single Carriageway
2024-08-29 21:24:42 DEBUG Txt2Json - sc
2024-08-29 21:24:42 DEBUG Txt2Json - Single Carriageway
2024-08-29 21:24:42 DEBUG Txt2Json - sc
2024-08-29 21:24:42 DEBUG Txt2Json - Single Carriageway
2024-08-29 21:24:42 DEBUG Txt2Json - sc
2024-08-29 21:24:42 DEBUG Txt2Json - Write output file c:/users/janne/IdeaProjects/FIRM2_/DATA/inputs/BNG_roads.json
2024-08-29 21:27:59 DEBUG Utilities - Read properties file: ./.firm2.properties
2024-08-29 21:27:59 DEBUG Utilities - VISUALISE key found in properties file: TRUE
2024-08-29 21:27:59 DEBUG Utilities - APPLICATION_TITLE key found in properties file: FIRM2a
2024-08-29 21:27:59 DEBUG Utilities - OUTPUT_DATA key found in properties file: c:/users/janne/IdeaProjects/FIRM2_/DATA/outputs/
2024-08-29 21:27:59 DEBUG Utilities - ROADS_DATA key found in properties file: BNG_roads.json
2024-08-29 21:27:59 DEBUG Utilities - RUN_ON_STARTUP key not found, check environment
2024-08-29 21:27:59 DEBUG Utilities - Alternative value not found in system properties, using default TRUE
2024-08-29 21:27:59 DEBUG Utilities - TOROIDAL key found in properties file: false
2024-08-29 21:27:59 DEBUG Utilities - OCEAN_DEPTH key found in properties file: 4
2024-08-29 21:27:59 DEBUG Utilities - TIME_STAMP key found in properties file: 1719874800
2024-08-29 21:27:59 DEBUG Utilities - MODEL_PARAMETERS key found in properties file: globals.json
2024-08-29 21:27:59 DEBUG Utilities - TICK_TIME_VALUE key found in properties file: 60
2024-08-29 21:27:59 DEBUG Utilities - DEFENCES_DATA key found in properties file: defences.json
2024-08-29 21:27:59 DEBUG Utilities - INPUT_DATA key found in properties file: c:/users/janne/IdeaProjects/FIRM2_/DATA/inputs/
2024-08-29 21:27:59 DEBUG Utilities - VEHICLES_DATA key found in properties file: vehicles.json
2024-08-29 21:27:59 DEBUG Utilities - TICKS key found in properties file: 0
2024-08-29 21:27:59 DEBUG Utilities - SLOWDOWN key found in properties file: 0
2024-08-29 21:27:59 DEBUG Utilities - CELL_SIZE key found in properties file: 3
2024-08-29 21:27:59 DEBUG Utilities - TERRAIN_DATA key found in properties file: terrain.json
2024-08-29 21:27:59 DEBUG Utilities - CHANCE key found in properties file: 50
2024-08-29 21:27:59 DEBUG Utilities - BUILDINGS_DATA key found in properties file: buildings.json
2024-08-29 21:27:59 DEBUG Utilities - TIMELINE key found in properties file: timeline.json
2024-08-29 21:28:02 DEBUG Txt2Json - bng roads
2024-08-29 21:28:02 DEBUG Utilities - Read properties file: ./.firm2.properties
2024-08-29 21:28:02 DEBUG Utilities - VISUALISE key found in properties file: TRUE
2024-08-29 21:28:02 DEBUG Utilities - APPLICATION_TITLE key found in properties file: FIRM2a
2024-08-29 21:28:02 DEBUG Utilities - OUTPUT_DATA key found in properties file: c:/users/janne/IdeaProjects/FIRM2_/DATA/outputs/
2024-08-29 21:28:02 DEBUG Utilities - ROADS_DATA key found in properties file: BNG_roads.json
2024-08-29 21:28:02 DEBUG Utilities - RUN_ON_STARTUP key not found, check environment
2024-08-29 21:28:02 DEBUG Utilities - Alternative value not found in system properties, using default TRUE
2024-08-29 21:28:02 DEBUG Utilities - TOROIDAL key found in properties file: false
2024-08-29 21:28:02 DEBUG Utilities - OCEAN_DEPTH key found in properties file: 4
2024-08-29 21:28:02 DEBUG Utilities - TIME_STAMP key found in properties file: 1719874800
2024-08-29 21:28:02 DEBUG Utilities - MODEL_PARAMETERS key found in properties file: globals.json
2024-08-29 21:28:02 DEBUG Utilities - TICK_TIME_VALUE key found in properties file: 60
2024-08-29 21:28:02 DEBUG Utilities - DEFENCES_DATA key found in properties file: defences.json
2024-08-29 21:28:02 DEBUG Utilities - INPUT_DATA key found in properties file: c:/users/janne/IdeaProjects/FIRM2_/DATA/inputs/
2024-08-29 21:28:02 DEBUG Utilities - VEHICLES_DATA key found in properties file: vehicles.json
2024-08-29 21:28:02 DEBUG Utilities - TICKS key found in properties file: 0
2024-08-29 21:28:02 DEBUG Utilities - SLOWDOWN key found in properties file: 0
2024-08-29 21:28:02 DEBUG Utilities - CELL_SIZE key found in properties file: 3
2024-08-29 21:28:02 DEBUG Utilities - TERRAIN_DATA key found in properties file: terrain.json
2024-08-29 21:28:02 DEBUG Utilities - CHANCE key found in properties file: 50
2024-08-29 21:28:02 DEBUG Utilities - BUILDINGS_DATA key found in properties file: buildings.json
2024-08-29 21:28:02 DEBUG Utilities - TIMELINE key found in properties file: timeline.json
2024-08-29 21:28:02 DEBUG Origins - Reading file: c:/users/janne/IdeaProjects/FIRM2_/DATA/inputs//original_textfile_data/terrain.txt
2024-08-29 21:28:02 DEBUG Origins - ["ncols"	249	]
2024-08-29 21:28:02 DEBUG Origins - CellSize: ["cellsize"	50	] "cellsize" 50
2024-08-29 21:28:02 DEBUG Txt2Json - 
2024-08-29 21:28:02 DEBUG Txt2Json - 
2024-08-29 21:28:02 DEBUG Txt2Json - 
2024-08-29 21:28:02 DEBUG Txt2Json - 
2024-08-29 21:28:02 DEBUG Txt2Json - 
2024-08-29 21:28:02 DEBUG Txt2Json - 
2024-08-29 21:28:02 DEBUG Txt2Json - 
2024-08-29 21:28:02 DEBUG Txt2Json - 
2024-08-29 21:28:02 DEBUG Txt2Json - 
2024-08-29 21:28:02 DEBUG Txt2Json - 
2024-08-29 21:28:02 DEBUG Txt2Json - 
2024-08-29 21:28:02 DEBUG Txt2Json - 
2024-08-29 21:28:02 DEBUG Txt2Json - 
2024-08-29 21:28:02 DEBUG Txt2Json - 
2024-08-29 21:28:02 DEBUG Txt2Json - 
2024-08-29 21:28:02 DEBUG Txt2Json - 
2024-08-29 21:28:02 DEBUG Txt2Json - 
2024-08-29 21:28:02 DEBUG Txt2Json - 
2024-08-29 21:28:02 DEBUG Txt2Json - 
2024-08-29 21:28:02 DEBUG Txt2Json - 
2024-08-29 21:28:02 DEBUG Txt2Json - 
2024-08-29 21:28:02 DEBUG Txt2Json - 
2024-08-29 21:28:02 DEBUG Txt2Json - 
2024-08-29 21:28:02 DEBUG Txt2Json - 
2024-08-29 21:28:02 DEBUG Txt2Json - 
2024-08-29 21:28:02 DEBUG Txt2Json - 
2024-08-29 21:28:02 DEBUG Txt2Json - 
2024-08-29 21:28:02 DEBUG Txt2Json - 
2024-08-29 21:28:02 DEBUG Txt2Json - 
2024-08-29 21:28:02 DEBUG Txt2Json - 
2024-08-29 21:28:02 DEBUG Txt2Json - 
2024-08-29 21:28:02 DEBUG Txt2Json - 
2024-08-29 21:28:02 DEBUG Txt2Json - 
2024-08-29 21:28:02 DEBUG Txt2Json - 
2024-08-29 21:28:02 DEBUG Txt2Json - 
2024-08-29 21:28:02 DEBUG Txt2Json - 
2024-08-29 21:28:02 DEBUG Txt2Json - 
2024-08-29 21:28:02 DEBUG Txt2Json - 
2024-08-29 21:28:02 DEBUG Txt2Json - 
2024-08-29 21:28:02 DEBUG Txt2Json - 
2024-08-29 21:28:02 DEBUG Txt2Json - 
2024-08-29 21:28:02 DEBUG Txt2Json - 
2024-08-29 21:28:02 DEBUG Txt2Json - 
2024-08-29 21:28:02 DEBUG Txt2Json - 
2024-08-29 21:28:02 DEBUG Txt2Json - 
2024-08-29 21:28:02 DEBUG Txt2Json - 
2024-08-29 21:28:02 DEBUG Txt2Json - 
2024-08-29 21:28:02 DEBUG Txt2Json - 
2024-08-29 21:28:02 DEBUG Txt2Json - 
2024-08-29 21:28:02 DEBUG Txt2Json - 
2024-08-29 21:28:02 DEBUG Txt2Json - 
2024-08-29 21:28:02 DEBUG Txt2Json - 
2024-08-29 21:28:02 DEBUG Txt2Json - 
2024-08-29 21:28:02 DEBUG Txt2Json - 
2024-08-29 21:28:02 DEBUG Txt2Json - 
2024-08-29 21:28:02 DEBUG Txt2Json - 
2024-08-29 21:28:02 DEBUG Txt2Json - 
2024-08-29 21:28:02 DEBUG Txt2Json - 
2024-08-29 21:28:02 DEBUG Txt2Json - 
2024-08-29 21:28:02 DEBUG Txt2Json - 
2024-08-29 21:28:02 DEBUG Txt2Json - 
2024-08-29 21:28:02 DEBUG Txt2Json - 
2024-08-29 21:28:02 DEBUG Txt2Json - 
2024-08-29 21:28:02 DEBUG Txt2Json - 
2024-08-29 21:28:02 DEBUG Txt2Json - 
2024-08-29 21:28:02 DEBUG Txt2Json - 
2024-08-29 21:28:02 DEBUG Txt2Json - 
2024-08-29 21:28:02 DEBUG Txt2Json - 
2024-08-29 21:28:02 DEBUG Txt2Json - 
2024-08-29 21:28:02 DEBUG Txt2Json - 
2024-08-29 21:28:02 DEBUG Txt2Json - 
2024-08-29 21:28:02 DEBUG Txt2Json - 
2024-08-29 21:28:02 DEBUG Txt2Json - 
2024-08-29 21:28:02 DEBUG Txt2Json - 
2024-08-29 21:28:02 DEBUG Txt2Json - 
2024-08-29 21:28:02 DEBUG Txt2Json - 
2024-08-29 21:28:02 DEBUG Txt2Json - 
2024-08-29 21:28:02 DEBUG Txt2Json - 
2024-08-29 21:28:02 DEBUG Txt2Json - 
2024-08-29 21:28:02 DEBUG Txt2Json - 
2024-08-29 21:28:02 DEBUG Txt2Json - 
2024-08-29 21:28:02 DEBUG Txt2Json - 
2024-08-29 21:28:02 DEBUG Txt2Json - 
2024-08-29 21:28:02 DEBUG Txt2Json - 
2024-08-29 21:28:02 DEBUG Txt2Json - 
2024-08-29 21:28:02 DEBUG Txt2Json - 
2024-08-29 21:28:02 DEBUG Txt2Json - 
2024-08-29 21:28:02 DEBUG Txt2Json - 
2024-08-29 21:28:02 DEBUG Txt2Json - 
2024-08-29 21:28:02 DEBUG Txt2Json - 
2024-08-29 21:28:02 DEBUG Txt2Json - 
2024-08-29 21:28:02 DEBUG Txt2Json - 
2024-08-29 21:28:02 DEBUG Txt2Json - 
2024-08-29 21:28:02 DEBUG Txt2Json - 
2024-08-29 21:28:02 DEBUG Txt2Json - 
2024-08-29 21:28:02 DEBUG Txt2Json - 
2024-08-29 21:28:02 DEBUG Txt2Json - 
2024-08-29 21:28:02 DEBUG Txt2Json - 
2024-08-29 21:28:02 DEBUG Txt2Json - 
2024-08-29 21:28:02 DEBUG Txt2Json - 
2024-08-29 21:28:02 DEBUG Txt2Json - 
2024-08-29 21:28:02 DEBUG Txt2Json - 
2024-08-29 21:28:02 DEBUG Txt2Json - 
2024-08-29 21:28:02 DEBUG Txt2Json - 
2024-08-29 21:28:02 DEBUG Txt2Json - 
2024-08-29 21:28:02 DEBUG Txt2Json - 
2024-08-29 21:28:02 DEBUG Txt2Json - 
2024-08-29 21:28:02 DEBUG Txt2Json - 
2024-08-29 21:28:02 DEBUG Txt2Json - 
2024-08-29 21:28:02 DEBUG Txt2Json - 
2024-08-29 21:28:02 DEBUG Txt2Json - 
2024-08-29 21:28:02 DEBUG Txt2Json - 
2024-08-29 21:28:02 DEBUG Txt2Json - 
2024-08-29 21:28:02 DEBUG Txt2Json - 
2024-08-29 21:28:02 DEBUG Txt2Json - 
2024-08-29 21:28:02 DEBUG Txt2Json - 
2024-08-29 21:28:02 DEBUG Txt2Json - 
2024-08-29 21:28:02 DEBUG Txt2Json - 
2024-08-29 21:28:02 DEBUG Txt2Json - 
2024-08-29 21:28:02 DEBUG Txt2Json - 
2024-08-29 21:28:02 DEBUG Txt2Json - 
2024-08-29 21:28:02 DEBUG Txt2Json - 
2024-08-29 21:28:02 DEBUG Txt2Json - 
2024-08-29 21:28:02 DEBUG Txt2Json - 
2024-08-29 21:28:02 DEBUG Txt2Json - 
2024-08-29 21:28:02 DEBUG Txt2Json - 
2024-08-29 21:28:02 DEBUG Txt2Json - 
2024-08-29 21:28:02 DEBUG Txt2Json - 
2024-08-29 21:28:02 DEBUG Txt2Json - 
2024-08-29 21:28:02 DEBUG Txt2Json - 
2024-08-29 21:28:02 DEBUG Txt2Json - 
2024-08-29 21:28:02 DEBUG Txt2Json - 
2024-08-29 21:28:02 DEBUG Txt2Json - 
2024-08-29 21:28:02 DEBUG Txt2Json - 
2024-08-29 21:28:02 DEBUG Txt2Json - 
2024-08-29 21:28:02 DEBUG Txt2Json - 
2024-08-29 21:28:02 DEBUG Txt2Json - 
2024-08-29 21:28:02 DEBUG Txt2Json - 
2024-08-29 21:28:02 DEBUG Txt2Json - 
2024-08-29 21:28:02 DEBUG Txt2Json - 
2024-08-29 21:28:02 DEBUG Txt2Json - 
2024-08-29 21:28:02 DEBUG Txt2Json - 
2024-08-29 21:28:02 DEBUG Txt2Json - 
2024-08-29 21:28:02 DEBUG Txt2Json - 
2024-08-29 21:28:02 DEBUG Txt2Json - 
2024-08-29 21:28:02 DEBUG Txt2Json - 
2024-08-29 21:28:02 DEBUG Txt2Json - 
2024-08-29 21:28:02 DEBUG Txt2Json - 
2024-08-29 21:28:02 DEBUG Txt2Json - 
2024-08-29 21:28:02 DEBUG Txt2Json - 
2024-08-29 21:28:02 DEBUG Txt2Json - 
2024-08-29 21:28:02 DEBUG Txt2Json - 
2024-08-29 21:28:02 DEBUG Txt2Json - 
2024-08-29 21:28:02 DEBUG Txt2Json - 
2024-08-29 21:28:02 DEBUG Txt2Json - 
2024-08-29 21:28:02 DEBUG Txt2Json - 
2024-08-29 21:28:02 DEBUG Txt2Json - 
2024-08-29 21:28:02 DEBUG Txt2Json - 
2024-08-29 21:28:02 DEBUG Txt2Json - 
2024-08-29 21:28:02 DEBUG Txt2Json - 
2024-08-29 21:28:02 DEBUG Txt2Json - 
2024-08-29 21:28:02 DEBUG Txt2Json - 
2024-08-29 21:28:02 DEBUG Txt2Json - 
2024-08-29 21:28:02 DEBUG Txt2Json - 
2024-08-29 21:28:03 DEBUG Txt2Json - Write output file c:/users/janne/IdeaProjects/FIRM2_/DATA/inputs/BNG_roads.json
2024-08-29 21:28:25 DEBUG Utilities - Read properties file: ./.firm2.properties
2024-08-29 21:28:25 DEBUG Utilities - VISUALISE key found in properties file: TRUE
2024-08-29 21:28:25 DEBUG Utilities - APPLICATION_TITLE key found in properties file: FIRM2a
2024-08-29 21:28:25 DEBUG Utilities - OUTPUT_DATA key found in properties file: c:/users/janne/IdeaProjects/FIRM2_/DATA/outputs/
2024-08-29 21:28:25 DEBUG Utilities - ROADS_DATA key found in properties file: BNG_roads.json
2024-08-29 21:28:25 DEBUG Utilities - RUN_ON_STARTUP key not found, check environment
2024-08-29 21:28:25 DEBUG Utilities - Alternative value not found in system properties, using default TRUE
2024-08-29 21:28:25 DEBUG Utilities - TOROIDAL key found in properties file: false
2024-08-29 21:28:25 DEBUG Utilities - OCEAN_DEPTH key found in properties file: 4
2024-08-29 21:28:25 DEBUG Utilities - TIME_STAMP key found in properties file: 1719874800
2024-08-29 21:28:25 DEBUG Utilities - MODEL_PARAMETERS key found in properties file: globals.json
2024-08-29 21:28:25 DEBUG Utilities - TICK_TIME_VALUE key found in properties file: 60
2024-08-29 21:28:25 DEBUG Utilities - DEFENCES_DATA key found in properties file: defences.json
2024-08-29 21:28:25 DEBUG Utilities - INPUT_DATA key found in properties file: c:/users/janne/IdeaProjects/FIRM2_/DATA/inputs/
2024-08-29 21:28:25 DEBUG Utilities - VEHICLES_DATA key found in properties file: vehicles.json
2024-08-29 21:28:25 DEBUG Utilities - TICKS key found in properties file: 0
2024-08-29 21:28:25 DEBUG Utilities - SLOWDOWN key found in properties file: 0
2024-08-29 21:28:25 DEBUG Utilities - CELL_SIZE key found in properties file: 3
2024-08-29 21:28:25 DEBUG Utilities - TERRAIN_DATA key found in properties file: terrain.json
2024-08-29 21:28:25 DEBUG Utilities - CHANCE key found in properties file: 50
2024-08-29 21:28:25 DEBUG Utilities - BUILDINGS_DATA key found in properties file: buildings.json
2024-08-29 21:28:25 DEBUG Utilities - TIMELINE key found in properties file: timeline.json
2024-08-29 21:28:27 DEBUG Txt2Json - bng roads
2024-08-29 21:28:27 DEBUG Utilities - Read properties file: ./.firm2.properties
2024-08-29 21:28:27 DEBUG Utilities - VISUALISE key found in properties file: TRUE
2024-08-29 21:28:27 DEBUG Utilities - APPLICATION_TITLE key found in properties file: FIRM2a
2024-08-29 21:28:27 DEBUG Utilities - OUTPUT_DATA key found in properties file: c:/users/janne/IdeaProjects/FIRM2_/DATA/outputs/
2024-08-29 21:28:27 DEBUG Utilities - ROADS_DATA key found in properties file: BNG_roads.json
2024-08-29 21:28:27 DEBUG Utilities - RUN_ON_STARTUP key not found, check environment
2024-08-29 21:28:27 DEBUG Utilities - Alternative value not found in system properties, using default TRUE
2024-08-29 21:28:27 DEBUG Utilities - TOROIDAL key found in properties file: false
2024-08-29 21:28:27 DEBUG Utilities - OCEAN_DEPTH key found in properties file: 4
2024-08-29 21:28:27 DEBUG Utilities - TIME_STAMP key found in properties file: 1719874800
2024-08-29 21:28:27 DEBUG Utilities - MODEL_PARAMETERS key found in properties file: globals.json
2024-08-29 21:28:27 DEBUG Utilities - TICK_TIME_VALUE key found in properties file: 60
2024-08-29 21:28:27 DEBUG Utilities - DEFENCES_DATA key found in properties file: defences.json
2024-08-29 21:28:27 DEBUG Utilities - INPUT_DATA key found in properties file: c:/users/janne/IdeaProjects/FIRM2_/DATA/inputs/
2024-08-29 21:28:27 DEBUG Utilities - VEHICLES_DATA key found in properties file: vehicles.json
2024-08-29 21:28:27 DEBUG Utilities - TICKS key found in properties file: 0
2024-08-29 21:28:27 DEBUG Utilities - SLOWDOWN key found in properties file: 0
2024-08-29 21:28:27 DEBUG Utilities - CELL_SIZE key found in properties file: 3
2024-08-29 21:28:27 DEBUG Utilities - TERRAIN_DATA key found in properties file: terrain.json
2024-08-29 21:28:27 DEBUG Utilities - CHANCE key found in properties file: 50
2024-08-29 21:28:27 DEBUG Utilities - BUILDINGS_DATA key found in properties file: buildings.json
2024-08-29 21:28:27 DEBUG Utilities - TIMELINE key found in properties file: timeline.json
2024-08-29 21:28:27 DEBUG Origins - Reading file: c:/users/janne/IdeaProjects/FIRM2_/DATA/inputs//original_textfile_data/terrain.txt
2024-08-29 21:28:27 DEBUG Origins - ["ncols"	249	]
2024-08-29 21:28:27 DEBUG Origins - CellSize: ["cellsize"	50	] "cellsize" 50
2024-08-29 21:28:27 DEBUG Txt2Json - Slip Road
2024-08-29 21:28:27 DEBUG Txt2Json - Slip Road
2024-08-29 21:28:27 DEBUG Txt2Json - Slip Road
2024-08-29 21:28:27 DEBUG Txt2Json - Slip Road
2024-08-29 21:28:27 DEBUG Txt2Json - Slip Road
2024-08-29 21:28:27 DEBUG Txt2Json - Roundabout
2024-08-29 21:28:27 DEBUG Txt2Json - Roundabout
2024-08-29 21:28:27 DEBUG Txt2Json - Roundabout
2024-08-29 21:28:27 DEBUG Txt2Json - Roundabout
2024-08-29 21:28:27 DEBUG Txt2Json - Roundabout
2024-08-29 21:28:27 DEBUG Txt2Json - Roundabout
2024-08-29 21:28:27 DEBUG Txt2Json - Slip Road
2024-08-29 21:28:27 DEBUG Txt2Json - Roundabout
2024-08-29 21:28:27 DEBUG Txt2Json - Roundabout
2024-08-29 21:28:27 DEBUG Txt2Json - Roundabout
2024-08-29 21:28:27 DEBUG Txt2Json - Roundabout
2024-08-29 21:28:27 DEBUG Txt2Json - Roundabout
2024-08-29 21:28:27 DEBUG Txt2Json - Roundabout
2024-08-29 21:28:27 DEBUG Txt2Json - Roundabout
2024-08-29 21:28:27 DEBUG Txt2Json - Roundabout
2024-08-29 21:28:27 DEBUG Txt2Json - Roundabout
2024-08-29 21:28:27 DEBUG Txt2Json - Roundabout
2024-08-29 21:28:27 DEBUG Txt2Json - Roundabout
2024-08-29 21:28:27 DEBUG Txt2Json - Roundabout
2024-08-29 21:28:27 DEBUG Txt2Json - Roundabout
2024-08-29 21:28:27 DEBUG Txt2Json - Roundabout
2024-08-29 21:28:27 DEBUG Txt2Json - Roundabout
2024-08-29 21:28:27 DEBUG Txt2Json - Roundabout
2024-08-29 21:28:27 DEBUG Txt2Json - Roundabout
2024-08-29 21:28:27 DEBUG Txt2Json - Roundabout
2024-08-29 21:28:27 DEBUG Txt2Json - Roundabout
2024-08-29 21:28:27 DEBUG Txt2Json - Roundabout
2024-08-29 21:28:27 DEBUG Txt2Json - Roundabout
2024-08-29 21:28:27 DEBUG Txt2Json - Roundabout
2024-08-29 21:28:27 DEBUG Txt2Json - Roundabout
2024-08-29 21:28:27 DEBUG Txt2Json - Roundabout
2024-08-29 21:28:27 DEBUG Txt2Json - Roundabout
2024-08-29 21:28:27 DEBUG Txt2Json - Roundabout
2024-08-29 21:28:27 DEBUG Txt2Json - Roundabout
2024-08-29 21:28:27 DEBUG Txt2Json - Roundabout
2024-08-29 21:28:27 DEBUG Txt2Json - Roundabout
2024-08-29 21:28:27 DEBUG Txt2Json - Roundabout
2024-08-29 21:28:27 DEBUG Txt2Json - Roundabout
2024-08-29 21:28:27 DEBUG Txt2Json - Roundabout
2024-08-29 21:28:27 DEBUG Txt2Json - Roundabout
2024-08-29 21:28:27 DEBUG Txt2Json - Roundabout
2024-08-29 21:28:27 DEBUG Txt2Json - Roundabout
2024-08-29 21:28:27 DEBUG Txt2Json - Roundabout
2024-08-29 21:28:27 DEBUG Txt2Json - Roundabout
2024-08-29 21:28:27 DEBUG Txt2Json - Roundabout
2024-08-29 21:28:27 DEBUG Txt2Json - Roundabout
2024-08-29 21:28:27 DEBUG Txt2Json - Roundabout
2024-08-29 21:28:27 DEBUG Txt2Json - Roundabout
2024-08-29 21:28:27 DEBUG Txt2Json - Roundabout
2024-08-29 21:28:27 DEBUG Txt2Json - Roundabout
2024-08-29 21:28:27 DEBUG Txt2Json - Roundabout
2024-08-29 21:28:27 DEBUG Txt2Json - Roundabout
2024-08-29 21:28:27 DEBUG Txt2Json - Traffic Island Link
2024-08-29 21:28:27 DEBUG Txt2Json - Traffic Island Link
2024-08-29 21:28:27 DEBUG Txt2Json - Traffic Island Link
2024-08-29 21:28:27 DEBUG Txt2Json - Traffic Island Link
2024-08-29 21:28:27 DEBUG Txt2Json - Roundabout
2024-08-29 21:28:27 DEBUG Txt2Json - Roundabout
2024-08-29 21:28:27 DEBUG Txt2Json - Roundabout
2024-08-29 21:28:27 DEBUG Txt2Json - Roundabout
2024-08-29 21:28:27 DEBUG Txt2Json - Roundabout
2024-08-29 21:28:27 DEBUG Txt2Json - Roundabout
2024-08-29 21:28:27 DEBUG Txt2Json - Roundabout
2024-08-29 21:28:27 DEBUG Txt2Json - Roundabout
2024-08-29 21:28:27 DEBUG Txt2Json - Roundabout
2024-08-29 21:28:27 DEBUG Txt2Json - Roundabout
2024-08-29 21:28:27 DEBUG Txt2Json - Roundabout
2024-08-29 21:28:27 DEBUG Txt2Json - Roundabout
2024-08-29 21:28:27 DEBUG Txt2Json - Roundabout
2024-08-29 21:28:27 DEBUG Txt2Json - Traffic Island Link
2024-08-29 21:28:27 DEBUG Txt2Json - Slip Road
2024-08-29 21:28:27 DEBUG Txt2Json - Slip Road
2024-08-29 21:28:27 DEBUG Txt2Json - Slip Road
2024-08-29 21:28:27 DEBUG Txt2Json - Slip Road
2024-08-29 21:28:27 DEBUG Txt2Json - Roundabout
2024-08-29 21:28:27 DEBUG Txt2Json - Roundabout
2024-08-29 21:28:27 DEBUG Txt2Json - Roundabout
2024-08-29 21:28:27 DEBUG Txt2Json - Roundabout
2024-08-29 21:28:27 DEBUG Txt2Json - Roundabout
2024-08-29 21:28:27 DEBUG Txt2Json - Roundabout
2024-08-29 21:28:27 DEBUG Txt2Json - Roundabout
2024-08-29 21:28:27 DEBUG Txt2Json - Roundabout
2024-08-29 21:28:27 DEBUG Txt2Json - Roundabout
2024-08-29 21:28:27 DEBUG Txt2Json - Roundabout
2024-08-29 21:28:27 DEBUG Txt2Json - Roundabout
2024-08-29 21:28:27 DEBUG Txt2Json - Roundabout
2024-08-29 21:28:27 DEBUG Txt2Json - Slip Road
2024-08-29 21:28:27 DEBUG Txt2Json - Slip Road
2024-08-29 21:28:27 DEBUG Txt2Json - Slip Road
2024-08-29 21:28:27 DEBUG Txt2Json - Slip Road
2024-08-29 21:28:27 DEBUG Txt2Json - Slip Road
2024-08-29 21:28:27 DEBUG Txt2Json - Slip Road
2024-08-29 21:28:27 DEBUG Txt2Json - Traffic Island Link
2024-08-29 21:28:27 DEBUG Txt2Json - Traffic Island Link
2024-08-29 21:28:27 DEBUG Txt2Json - Traffic Island Link
2024-08-29 21:28:27 DEBUG Txt2Json - Traffic Island Link
2024-08-29 21:28:27 DEBUG Txt2Json - Roundabout
2024-08-29 21:28:27 DEBUG Txt2Json - Roundabout
2024-08-29 21:28:27 DEBUG Txt2Json - Roundabout
2024-08-29 21:28:27 DEBUG Txt2Json - Roundabout
2024-08-29 21:28:27 DEBUG Txt2Json - Roundabout
2024-08-29 21:28:27 DEBUG Txt2Json - Roundabout
2024-08-29 21:28:27 DEBUG Txt2Json - Roundabout
2024-08-29 21:28:27 DEBUG Txt2Json - Roundabout
2024-08-29 21:28:27 DEBUG Txt2Json - Roundabout
2024-08-29 21:28:27 DEBUG Txt2Json - Roundabout
2024-08-29 21:28:27 DEBUG Txt2Json - Roundabout
2024-08-29 21:28:27 DEBUG Txt2Json - Roundabout
2024-08-29 21:28:27 DEBUG Txt2Json - Roundabout
2024-08-29 21:28:27 DEBUG Txt2Json - Roundabout
2024-08-29 21:28:27 DEBUG Txt2Json - Roundabout
2024-08-29 21:28:27 DEBUG Txt2Json - Roundabout
2024-08-29 21:28:27 DEBUG Txt2Json - Roundabout
2024-08-29 21:28:27 DEBUG Txt2Json - Roundabout
2024-08-29 21:28:27 DEBUG Txt2Json - Roundabout
2024-08-29 21:28:27 DEBUG Txt2Json - Roundabout
2024-08-29 21:28:27 DEBUG Txt2Json - Roundabout
2024-08-29 21:28:27 DEBUG Txt2Json - Roundabout
2024-08-29 21:28:27 DEBUG Txt2Json - Roundabout
2024-08-29 21:28:27 DEBUG Txt2Json - Roundabout
2024-08-29 21:28:27 DEBUG Txt2Json - Roundabout
2024-08-29 21:28:27 DEBUG Txt2Json - Roundabout
2024-08-29 21:28:27 DEBUG Txt2Json - Roundabout
2024-08-29 21:28:27 DEBUG Txt2Json - Roundabout
2024-08-29 21:28:27 DEBUG Txt2Json - Roundabout
2024-08-29 21:28:27 DEBUG Txt2Json - Roundabout
2024-08-29 21:28:27 DEBUG Txt2Json - Roundabout
2024-08-29 21:28:27 DEBUG Txt2Json - Roundabout
2024-08-29 21:28:27 DEBUG Txt2Json - Roundabout
2024-08-29 21:28:27 DEBUG Txt2Json - Roundabout
2024-08-29 21:28:27 DEBUG Txt2Json - Roundabout
2024-08-29 21:28:27 DEBUG Txt2Json - Traffic Island Link
2024-08-29 21:28:27 DEBUG Txt2Json - Traffic Island Link
2024-08-29 21:28:27 DEBUG Txt2Json - Roundabout
2024-08-29 21:28:27 DEBUG Txt2Json - Roundabout
2024-08-29 21:28:27 DEBUG Txt2Json - Roundabout
2024-08-29 21:28:27 DEBUG Txt2Json - Roundabout
2024-08-29 21:28:27 DEBUG Txt2Json - Roundabout
2024-08-29 21:28:27 DEBUG Txt2Json - Roundabout
2024-08-29 21:28:27 DEBUG Txt2Json - Roundabout
2024-08-29 21:28:27 DEBUG Txt2Json - Roundabout
2024-08-29 21:28:27 DEBUG Txt2Json - Roundabout
2024-08-29 21:28:27 DEBUG Txt2Json - Roundabout
2024-08-29 21:28:27 DEBUG Txt2Json - Roundabout
2024-08-29 21:28:27 DEBUG Txt2Json - Roundabout
2024-08-29 21:28:27 DEBUG Txt2Json - Slip Road
2024-08-29 21:28:27 DEBUG Txt2Json - Roundabout
2024-08-29 21:28:27 DEBUG Txt2Json - Roundabout
2024-08-29 21:28:27 DEBUG Txt2Json - Roundabout
2024-08-29 21:28:27 DEBUG Txt2Json - Roundabout
2024-08-29 21:28:27 DEBUG Txt2Json - Roundabout
2024-08-29 21:28:27 DEBUG Txt2Json - Roundabout
2024-08-29 21:28:27 DEBUG Txt2Json - Roundabout
2024-08-29 21:28:27 DEBUG Txt2Json - Roundabout
2024-08-29 21:28:27 DEBUG Txt2Json - Traffic Island Link
2024-08-29 21:28:27 DEBUG Txt2Json - Roundabout
2024-08-29 21:28:27 DEBUG Txt2Json - Roundabout
2024-08-29 21:28:27 DEBUG Txt2Json - Roundabout
2024-08-29 21:28:27 DEBUG Txt2Json - Slip Road
2024-08-29 21:28:27 DEBUG Txt2Json - Write output file c:/users/janne/IdeaProjects/FIRM2_/DATA/inputs/BNG_roads.json
2024-08-29 21:29:24 DEBUG Utilities - Read properties file: ./.firm2.properties
2024-08-29 21:29:24 DEBUG Utilities - VISUALISE key found in properties file: TRUE
2024-08-29 21:29:24 DEBUG Utilities - APPLICATION_TITLE key found in properties file: FIRM2a
2024-08-29 21:29:24 DEBUG Utilities - OUTPUT_DATA key found in properties file: c:/users/janne/IdeaProjects/FIRM2_/DATA/outputs/
2024-08-29 21:29:24 DEBUG Utilities - ROADS_DATA key found in properties file: BNG_roads.json
2024-08-29 21:29:24 DEBUG Utilities - RUN_ON_STARTUP key not found, check environment
2024-08-29 21:29:24 DEBUG Utilities - Alternative value not found in system properties, using default TRUE
2024-08-29 21:29:24 DEBUG Utilities - TOROIDAL key found in properties file: false
2024-08-29 21:29:24 DEBUG Utilities - OCEAN_DEPTH key found in properties file: 4
2024-08-29 21:29:24 DEBUG Utilities - TIME_STAMP key found in properties file: 1719874800
2024-08-29 21:29:24 DEBUG Utilities - MODEL_PARAMETERS key found in properties file: globals.json
2024-08-29 21:29:24 DEBUG Utilities - TICK_TIME_VALUE key found in properties file: 60
2024-08-29 21:29:24 DEBUG Utilities - DEFENCES_DATA key found in properties file: defences.json
2024-08-29 21:29:24 DEBUG Utilities - INPUT_DATA key found in properties file: c:/users/janne/IdeaProjects/FIRM2_/DATA/inputs/
2024-08-29 21:29:24 DEBUG Utilities - VEHICLES_DATA key found in properties file: vehicles.json
2024-08-29 21:29:24 DEBUG Utilities - TICKS key found in properties file: 0
2024-08-29 21:29:24 DEBUG Utilities - SLOWDOWN key found in properties file: 0
2024-08-29 21:29:24 DEBUG Utilities - CELL_SIZE key found in properties file: 3
2024-08-29 21:29:24 DEBUG Utilities - TERRAIN_DATA key found in properties file: terrain.json
2024-08-29 21:29:24 DEBUG Utilities - CHANCE key found in properties file: 50
2024-08-29 21:29:24 DEBUG Utilities - BUILDINGS_DATA key found in properties file: buildings.json
2024-08-29 21:29:24 DEBUG Utilities - TIMELINE key found in properties file: timeline.json
2024-08-29 21:29:26 DEBUG Txt2Json - bng roads
2024-08-29 21:29:26 DEBUG Utilities - Read properties file: ./.firm2.properties
2024-08-29 21:29:26 DEBUG Utilities - VISUALISE key found in properties file: TRUE
2024-08-29 21:29:26 DEBUG Utilities - APPLICATION_TITLE key found in properties file: FIRM2a
2024-08-29 21:29:26 DEBUG Utilities - OUTPUT_DATA key found in properties file: c:/users/janne/IdeaProjects/FIRM2_/DATA/outputs/
2024-08-29 21:29:26 DEBUG Utilities - ROADS_DATA key found in properties file: BNG_roads.json
2024-08-29 21:29:26 DEBUG Utilities - RUN_ON_STARTUP key not found, check environment
2024-08-29 21:29:26 DEBUG Utilities - Alternative value not found in system properties, using default TRUE
2024-08-29 21:29:26 DEBUG Utilities - TOROIDAL key found in properties file: false
2024-08-29 21:29:26 DEBUG Utilities - OCEAN_DEPTH key found in properties file: 4
2024-08-29 21:29:26 DEBUG Utilities - TIME_STAMP key found in properties file: 1719874800
2024-08-29 21:29:26 DEBUG Utilities - MODEL_PARAMETERS key found in properties file: globals.json
2024-08-29 21:29:26 DEBUG Utilities - TICK_TIME_VALUE key found in properties file: 60
2024-08-29 21:29:26 DEBUG Utilities - DEFENCES_DATA key found in properties file: defences.json
2024-08-29 21:29:26 DEBUG Utilities - INPUT_DATA key found in properties file: c:/users/janne/IdeaProjects/FIRM2_/DATA/inputs/
2024-08-29 21:29:26 DEBUG Utilities - VEHICLES_DATA key found in properties file: vehicles.json
2024-08-29 21:29:26 DEBUG Utilities - TICKS key found in properties file: 0
2024-08-29 21:29:26 DEBUG Utilities - SLOWDOWN key found in properties file: 0
2024-08-29 21:29:26 DEBUG Utilities - CELL_SIZE key found in properties file: 3
2024-08-29 21:29:26 DEBUG Utilities - TERRAIN_DATA key found in properties file: terrain.json
2024-08-29 21:29:26 DEBUG Utilities - CHANCE key found in properties file: 50
2024-08-29 21:29:26 DEBUG Utilities - BUILDINGS_DATA key found in properties file: buildings.json
2024-08-29 21:29:26 DEBUG Utilities - TIMELINE key found in properties file: timeline.json
2024-08-29 21:29:26 DEBUG Origins - Reading file: c:/users/janne/IdeaProjects/FIRM2_/DATA/inputs//original_textfile_data/terrain.txt
2024-08-29 21:29:26 DEBUG Origins - ["ncols"	249	]
2024-08-29 21:29:26 DEBUG Origins - CellSize: ["cellsize"	50	] "cellsize" 50
2024-08-29 21:29:26 DEBUG Txt2Json - Write output file c:/users/janne/IdeaProjects/FIRM2_/DATA/inputs/BNG_roads.json
2024-08-29 21:29:37 DEBUG Txt2Json - bng roads
2024-08-29 21:29:37 DEBUG Utilities - Read properties file: ./.firm2.properties
2024-08-29 21:29:37 DEBUG Utilities - VISUALISE key found in properties file: TRUE
2024-08-29 21:29:37 DEBUG Utilities - APPLICATION_TITLE key found in properties file: FIRM2a
2024-08-29 21:29:37 DEBUG Utilities - OUTPUT_DATA key found in properties file: c:/users/janne/IdeaProjects/FIRM2_/DATA/outputs/
2024-08-29 21:29:37 DEBUG Utilities - ROADS_DATA key found in properties file: BNG_roads.json
2024-08-29 21:29:37 DEBUG Utilities - RUN_ON_STARTUP key not found, check environment
2024-08-29 21:29:37 DEBUG Utilities - Alternative value not found in system properties, using default TRUE
2024-08-29 21:29:37 DEBUG Utilities - TOROIDAL key found in properties file: false
2024-08-29 21:29:37 DEBUG Utilities - OCEAN_DEPTH key found in properties file: 4
2024-08-29 21:29:37 DEBUG Utilities - TIME_STAMP key found in properties file: 1719874800
2024-08-29 21:29:37 DEBUG Utilities - MODEL_PARAMETERS key found in properties file: globals.json
2024-08-29 21:29:37 DEBUG Utilities - TICK_TIME_VALUE key found in properties file: 60
2024-08-29 21:29:37 DEBUG Utilities - DEFENCES_DATA key found in properties file: defences.json
2024-08-29 21:29:37 DEBUG Utilities - INPUT_DATA key found in properties file: c:/users/janne/IdeaProjects/FIRM2_/DATA/inputs/
2024-08-29 21:29:37 DEBUG Utilities - VEHICLES_DATA key found in properties file: vehicles.json
2024-08-29 21:29:37 DEBUG Utilities - TICKS key found in properties file: 0
2024-08-29 21:29:37 DEBUG Utilities - SLOWDOWN key found in properties file: 0
2024-08-29 21:29:37 DEBUG Utilities - CELL_SIZE key found in properties file: 3
2024-08-29 21:29:37 DEBUG Utilities - TERRAIN_DATA key found in properties file: terrain.json
2024-08-29 21:29:37 DEBUG Utilities - CHANCE key found in properties file: 50
2024-08-29 21:29:37 DEBUG Utilities - BUILDINGS_DATA key found in properties file: buildings.json
2024-08-29 21:29:37 DEBUG Utilities - TIMELINE key found in properties file: timeline.json
2024-08-29 21:29:37 DEBUG Origins - Reading file: c:/users/janne/IdeaProjects/FIRM2_/DATA/inputs//original_textfile_data/terrain.txt
2024-08-29 21:29:37 DEBUG Origins - ["ncols"	249	]
2024-08-29 21:29:37 DEBUG Origins - CellSize: ["cellsize"	50	] "cellsize" 50
2024-08-29 21:29:37 DEBUG Txt2Json - Write output file c:/users/janne/IdeaProjects/FIRM2_/DATA/inputs/BNG_roads.json
2024-08-29 22:06:34 DEBUG Utilities - Read properties file: ./.firm2.properties
2024-08-29 22:06:34 DEBUG Utilities - VISUALISE key found in properties file: TRUE
2024-08-29 22:06:34 DEBUG Utilities - APPLICATION_TITLE key found in properties file: FIRM2a
2024-08-29 22:06:34 DEBUG Utilities - OUTPUT_DATA key found in properties file: c:/users/janne/IdeaProjects/FIRM2_/DATA/outputs/
2024-08-29 22:06:34 DEBUG Utilities - ROADS_DATA key found in properties file: BNG_roads.json
2024-08-29 22:06:34 DEBUG Utilities - RUN_ON_STARTUP key not found, check environment
2024-08-29 22:06:34 DEBUG Utilities - Alternative value not found in system properties, using default TRUE
2024-08-29 22:06:34 DEBUG Utilities - TOROIDAL key found in properties file: false
2024-08-29 22:06:34 DEBUG Utilities - OCEAN_DEPTH key found in properties file: 4
2024-08-29 22:06:34 DEBUG Utilities - TIME_STAMP key found in properties file: 1719874800
2024-08-29 22:06:34 DEBUG Utilities - MODEL_PARAMETERS key found in properties file: globals.json
2024-08-29 22:06:34 DEBUG Utilities - TICK_TIME_VALUE key found in properties file: 60
2024-08-29 22:06:34 DEBUG Utilities - DEFENCES_DATA key found in properties file: defences.json
2024-08-29 22:06:34 DEBUG Utilities - INPUT_DATA key found in properties file: c:/users/janne/IdeaProjects/FIRM2_/DATA/inputs/
2024-08-29 22:06:34 DEBUG Utilities - VEHICLES_DATA key found in properties file: vehicles.json
2024-08-29 22:06:34 DEBUG Utilities - TICKS key found in properties file: 0
2024-08-29 22:06:34 DEBUG Utilities - SLOWDOWN key found in properties file: 0
2024-08-29 22:06:34 DEBUG Utilities - CELL_SIZE key found in properties file: 3
2024-08-29 22:06:34 DEBUG Utilities - TERRAIN_DATA key found in properties file: terrain.json
2024-08-29 22:06:34 DEBUG Utilities - CHANCE key found in properties file: 50
2024-08-29 22:06:34 DEBUG Utilities - BUILDINGS_DATA key found in properties file: buildings.json
2024-08-29 22:06:34 DEBUG Utilities - TIMELINE key found in properties file: timeline.json
2024-08-29 22:06:34 DEBUG Origins - Reading file: c:/users/janne/IdeaProjects/FIRM2_/DATA/inputs//original_textfile_data/terrain.txt
2024-08-29 22:06:34 DEBUG Origins - ["ncols"	249	]
2024-08-29 22:06:34 DEBUG Origins - CellSize: ["cellsize"	50	] "cellsize" 50
2024-08-29 22:06:34 DEBUG Txt2Json - Write output file c:/users/janne/IdeaProjects/FIRM2_/DATA/inputs/BNG_roads.json
2024-08-29 22:07:10 DEBUG Txt2Json - bng roads
2024-08-29 22:07:10 DEBUG Utilities - Read properties file: ./.firm2.properties
2024-08-29 22:07:10 DEBUG Utilities - VISUALISE key found in properties file: TRUE
2024-08-29 22:07:10 DEBUG Utilities - APPLICATION_TITLE key found in properties file: FIRM2a
2024-08-29 22:07:10 DEBUG Utilities - OUTPUT_DATA key found in properties file: c:/users/janne/IdeaProjects/FIRM2_/DATA/outputs/
2024-08-29 22:07:10 DEBUG Utilities - ROADS_DATA key found in properties file: BNG_roads.json
2024-08-29 22:07:10 DEBUG Utilities - RUN_ON_STARTUP key not found, check environment
2024-08-29 22:07:10 DEBUG Utilities - Alternative value not found in system properties, using default TRUE
2024-08-29 22:07:10 DEBUG Utilities - TOROIDAL key found in properties file: false
2024-08-29 22:07:10 DEBUG Utilities - OCEAN_DEPTH key found in properties file: 4
2024-08-29 22:07:10 DEBUG Utilities - TIME_STAMP key found in properties file: 1719874800
2024-08-29 22:07:10 DEBUG Utilities - MODEL_PARAMETERS key found in properties file: globals.json
2024-08-29 22:07:10 DEBUG Utilities - TICK_TIME_VALUE key found in properties file: 60
2024-08-29 22:07:10 DEBUG Utilities - DEFENCES_DATA key found in properties file: defences.json
2024-08-29 22:07:10 DEBUG Utilities - INPUT_DATA key found in properties file: c:/users/janne/IdeaProjects/FIRM2_/DATA/inputs/
2024-08-29 22:07:10 DEBUG Utilities - VEHICLES_DATA key found in properties file: vehicles.json
2024-08-29 22:07:10 DEBUG Utilities - TICKS key found in properties file: 0
2024-08-29 22:07:10 DEBUG Utilities - SLOWDOWN key found in properties file: 0
2024-08-29 22:07:10 DEBUG Utilities - CELL_SIZE key found in properties file: 3
2024-08-29 22:07:10 DEBUG Utilities - TERRAIN_DATA key found in properties file: terrain.json
2024-08-29 22:07:10 DEBUG Utilities - CHANCE key found in properties file: 50
2024-08-29 22:07:10 DEBUG Utilities - BUILDINGS_DATA key found in properties file: buildings.json
2024-08-29 22:07:10 DEBUG Utilities - TIMELINE key found in properties file: timeline.json
2024-08-29 22:07:10 DEBUG Origins - Reading file: c:/users/janne/IdeaProjects/FIRM2_/DATA/inputs//original_textfile_data/terrain.txt
2024-08-29 22:07:10 DEBUG Origins - ["ncols"	249	]
2024-08-29 22:07:10 DEBUG Origins - CellSize: ["cellsize"	50	] "cellsize" 50
2024-08-29 22:07:10 DEBUG Txt2Json - Write output file c:/users/janne/IdeaProjects/FIRM2_/DATA/inputs/BNG_roads.json
2024-08-29 22:07:40 DEBUG Utilities - Read properties file: ./.firm2.properties
2024-08-29 22:07:40 DEBUG Utilities - VISUALISE key found in properties file: TRUE
2024-08-29 22:07:40 DEBUG Utilities - APPLICATION_TITLE key found in properties file: FIRM2a
2024-08-29 22:07:40 DEBUG Utilities - OUTPUT_DATA key found in properties file: c:/users/janne/IdeaProjects/FIRM2_/DATA/outputs/
2024-08-29 22:07:40 DEBUG Utilities - ROADS_DATA key found in properties file: BNG_roads.json
2024-08-29 22:07:40 DEBUG Utilities - RUN_ON_STARTUP key not found, check environment
2024-08-29 22:07:40 DEBUG Utilities - Alternative value not found in system properties, using default TRUE
2024-08-29 22:07:40 DEBUG Utilities - TOROIDAL key found in properties file: false
2024-08-29 22:07:40 DEBUG Utilities - OCEAN_DEPTH key found in properties file: 4
2024-08-29 22:07:40 DEBUG Utilities - TIME_STAMP key found in properties file: 1719874800
2024-08-29 22:07:40 DEBUG Utilities - MODEL_PARAMETERS key found in properties file: globals.json
2024-08-29 22:07:40 DEBUG Utilities - TICK_TIME_VALUE key found in properties file: 60
2024-08-29 22:07:40 DEBUG Utilities - DEFENCES_DATA key found in properties file: defences.json
2024-08-29 22:07:40 DEBUG Utilities - INPUT_DATA key found in properties file: c:/users/janne/IdeaProjects/FIRM2_/DATA/inputs/
2024-08-29 22:07:40 DEBUG Utilities - VEHICLES_DATA key found in properties file: vehicles.json
2024-08-29 22:07:40 DEBUG Utilities - TICKS key found in properties file: 0
2024-08-29 22:07:40 DEBUG Utilities - SLOWDOWN key found in properties file: 0
2024-08-29 22:07:40 DEBUG Utilities - CELL_SIZE key found in properties file: 3
2024-08-29 22:07:40 DEBUG Utilities - TERRAIN_DATA key found in properties file: terrain.json
2024-08-29 22:07:40 DEBUG Utilities - CHANCE key found in properties file: 50
2024-08-29 22:07:40 DEBUG Utilities - BUILDINGS_DATA key found in properties file: buildings.json
2024-08-29 22:07:40 DEBUG Utilities - TIMELINE key found in properties file: timeline.json
2024-08-29 22:07:42 DEBUG Utilities - Read properties file: ./.firm2.properties
2024-08-29 22:07:42 DEBUG Utilities - VISUALISE key found in properties file: TRUE
2024-08-29 22:07:42 DEBUG Utilities - APPLICATION_TITLE key found in properties file: FIRM2a
2024-08-29 22:07:42 DEBUG Utilities - OUTPUT_DATA key found in properties file: c:/users/janne/IdeaProjects/FIRM2_/DATA/outputs/
2024-08-29 22:07:42 DEBUG Utilities - ROADS_DATA key found in properties file: BNG_roads.json
2024-08-29 22:07:42 DEBUG Utilities - RUN_ON_STARTUP key not found, check environment
2024-08-29 22:07:42 DEBUG Utilities - Alternative value not found in system properties, using default TRUE
2024-08-29 22:07:42 DEBUG Utilities - TOROIDAL key found in properties file: false
2024-08-29 22:07:42 DEBUG Utilities - OCEAN_DEPTH key found in properties file: 4
2024-08-29 22:07:42 DEBUG Utilities - TIME_STAMP key found in properties file: 1719874800
2024-08-29 22:07:42 DEBUG Utilities - MODEL_PARAMETERS key found in properties file: globals.json
2024-08-29 22:07:42 DEBUG Utilities - TICK_TIME_VALUE key found in properties file: 60
2024-08-29 22:07:42 DEBUG Utilities - DEFENCES_DATA key found in properties file: defences.json
2024-08-29 22:07:42 DEBUG Utilities - INPUT_DATA key found in properties file: c:/users/janne/IdeaProjects/FIRM2_/DATA/inputs/
2024-08-29 22:07:42 DEBUG Utilities - VEHICLES_DATA key found in properties file: vehicles.json
2024-08-29 22:07:42 DEBUG Utilities - TICKS key found in properties file: 0
2024-08-29 22:07:42 DEBUG Utilities - SLOWDOWN key found in properties file: 0
2024-08-29 22:07:42 DEBUG Utilities - CELL_SIZE key found in properties file: 3
2024-08-29 22:07:42 DEBUG Utilities - TERRAIN_DATA key found in properties file: terrain.json
2024-08-29 22:07:42 DEBUG Utilities - CHANCE key found in properties file: 50
2024-08-29 22:07:42 DEBUG Utilities - BUILDINGS_DATA key found in properties file: buildings.json
2024-08-29 22:07:42 DEBUG Utilities - TIMELINE key found in properties file: timeline.json
2024-08-29 22:07:42 DEBUG Origins - Reading file: c:/users/janne/IdeaProjects/FIRM2_/DATA/inputs//original_textfile_data/terrain.txt
2024-08-29 22:07:42 DEBUG Origins - ["ncols"	249	]
2024-08-29 22:07:42 DEBUG Origins - CellSize: ["cellsize"	50	] "cellsize" 50
2024-08-29 22:07:43 DEBUG Txt2Json - Write output file c:/users/janne/IdeaProjects/FIRM2_/DATA/inputs/BNG_roads.json
2024-08-29 22:09:48 DEBUG Utilities - Read properties file: ./.firm2.properties
2024-08-29 22:09:48 DEBUG Utilities - VISUALISE key found in properties file: TRUE
2024-08-29 22:09:48 DEBUG Utilities - APPLICATION_TITLE key found in properties file: FIRM2a
2024-08-29 22:09:48 DEBUG Utilities - OUTPUT_DATA key found in properties file: c:/users/janne/IdeaProjects/FIRM2_/DATA/outputs/
2024-08-29 22:09:48 DEBUG Utilities - ROADS_DATA key found in properties file: BNG_roads.json
2024-08-29 22:09:48 DEBUG Utilities - RUN_ON_STARTUP key not found, check environment
2024-08-29 22:09:48 DEBUG Utilities - Alternative value not found in system properties, using default TRUE
2024-08-29 22:09:48 DEBUG Utilities - TOROIDAL key found in properties file: false
2024-08-29 22:09:48 DEBUG Utilities - OCEAN_DEPTH key found in properties file: 4
2024-08-29 22:09:48 DEBUG Utilities - TIME_STAMP key found in properties file: 1719874800
2024-08-29 22:09:48 DEBUG Utilities - MODEL_PARAMETERS key found in properties file: globals.json
2024-08-29 22:09:48 DEBUG Utilities - TICK_TIME_VALUE key found in properties file: 60
2024-08-29 22:09:48 DEBUG Utilities - DEFENCES_DATA key found in properties file: defences.json
2024-08-29 22:09:48 DEBUG Utilities - INPUT_DATA key found in properties file: c:/users/janne/IdeaProjects/FIRM2_/DATA/inputs/
2024-08-29 22:09:48 DEBUG Utilities - VEHICLES_DATA key found in properties file: vehicles.json
2024-08-29 22:09:48 DEBUG Utilities - TICKS key found in properties file: 0
2024-08-29 22:09:48 DEBUG Utilities - SLOWDOWN key found in properties file: 0
2024-08-29 22:09:48 DEBUG Utilities - CELL_SIZE key found in properties file: 3
2024-08-29 22:09:48 DEBUG Utilities - TERRAIN_DATA key found in properties file: terrain.json
2024-08-29 22:09:48 DEBUG Utilities - CHANCE key found in properties file: 50
2024-08-29 22:09:48 DEBUG Utilities - BUILDINGS_DATA key found in properties file: buildings.json
2024-08-29 22:09:48 DEBUG Utilities - TIMELINE key found in properties file: timeline.json
2024-08-29 22:09:50 DEBUG Txt2Json - bng roads
2024-08-29 22:09:50 DEBUG Utilities - Read properties file: ./.firm2.properties
2024-08-29 22:09:50 DEBUG Utilities - VISUALISE key found in properties file: TRUE
2024-08-29 22:09:50 DEBUG Utilities - APPLICATION_TITLE key found in properties file: FIRM2a
2024-08-29 22:09:50 DEBUG Utilities - OUTPUT_DATA key found in properties file: c:/users/janne/IdeaProjects/FIRM2_/DATA/outputs/
2024-08-29 22:09:50 DEBUG Utilities - ROADS_DATA key found in properties file: BNG_roads.json
2024-08-29 22:09:50 DEBUG Utilities - RUN_ON_STARTUP key not found, check environment
2024-08-29 22:09:50 DEBUG Utilities - Alternative value not found in system properties, using default TRUE
2024-08-29 22:09:50 DEBUG Utilities - TOROIDAL key found in properties file: false
2024-08-29 22:09:50 DEBUG Utilities - OCEAN_DEPTH key found in properties file: 4
2024-08-29 22:09:50 DEBUG Utilities - TIME_STAMP key found in properties file: 1719874800
2024-08-29 22:09:50 DEBUG Utilities - MODEL_PARAMETERS key found in properties file: globals.json
2024-08-29 22:09:50 DEBUG Utilities - TICK_TIME_VALUE key found in properties file: 60
2024-08-29 22:09:50 DEBUG Utilities - DEFENCES_DATA key found in properties file: defences.json
2024-08-29 22:09:50 DEBUG Utilities - INPUT_DATA key found in properties file: c:/users/janne/IdeaProjects/FIRM2_/DATA/inputs/
2024-08-29 22:09:50 DEBUG Utilities - VEHICLES_DATA key found in properties file: vehicles.json
2024-08-29 22:09:50 DEBUG Utilities - TICKS key found in properties file: 0
2024-08-29 22:09:50 DEBUG Utilities - SLOWDOWN key found in properties file: 0
2024-08-29 22:09:50 DEBUG Utilities - CELL_SIZE key found in properties file: 3
2024-08-29 22:09:50 DEBUG Utilities - TERRAIN_DATA key found in properties file: terrain.json
2024-08-29 22:09:50 DEBUG Utilities - CHANCE key found in properties file: 50
2024-08-29 22:09:50 DEBUG Utilities - BUILDINGS_DATA key found in properties file: buildings.json
2024-08-29 22:09:50 DEBUG Utilities - TIMELINE key found in properties file: timeline.json
2024-08-29 22:09:50 DEBUG Origins - Reading file: c:/users/janne/IdeaProjects/FIRM2_/DATA/inputs//original_textfile_data/terrain.txt
2024-08-29 22:09:50 DEBUG Origins - ["ncols"	249	]
2024-08-29 22:09:50 DEBUG Origins - CellSize: ["cellsize"	50	] "cellsize" 50
2024-08-29 22:09:50 DEBUG Txt2Json - Write output file c:/users/janne/IdeaProjects/FIRM2_/DATA/inputs/BNG_Roads.json
2024-08-29 22:09:53 DEBUG Utilities - Read properties file: ./.firm2.properties
2024-08-29 22:09:53 DEBUG Utilities - VISUALISE key found in properties file: TRUE
2024-08-29 22:09:53 DEBUG Utilities - APPLICATION_TITLE key found in properties file: FIRM2a
2024-08-29 22:09:53 DEBUG Utilities - OUTPUT_DATA key found in properties file: c:/users/janne/IdeaProjects/FIRM2_/DATA/outputs/
2024-08-29 22:09:53 DEBUG Utilities - ROADS_DATA key found in properties file: BNG_roads.json
2024-08-29 22:09:53 DEBUG Utilities - RUN_ON_STARTUP key not found, check environment
2024-08-29 22:09:53 DEBUG Utilities - Alternative value not found in system properties, using default TRUE
2024-08-29 22:09:53 DEBUG Utilities - TOROIDAL key found in properties file: false
2024-08-29 22:09:53 DEBUG Utilities - OCEAN_DEPTH key found in properties file: 4
2024-08-29 22:09:53 DEBUG Utilities - TIME_STAMP key found in properties file: 1719874800
2024-08-29 22:09:53 DEBUG Utilities - MODEL_PARAMETERS key found in properties file: globals.json
2024-08-29 22:09:53 DEBUG Utilities - TICK_TIME_VALUE key found in properties file: 60
2024-08-29 22:09:53 DEBUG Utilities - DEFENCES_DATA key found in properties file: defences.json
2024-08-29 22:09:53 DEBUG Utilities - INPUT_DATA key found in properties file: c:/users/janne/IdeaProjects/FIRM2_/DATA/inputs/
2024-08-29 22:09:53 DEBUG Utilities - VEHICLES_DATA key found in properties file: vehicles.json
2024-08-29 22:09:53 DEBUG Utilities - TICKS key found in properties file: 0
2024-08-29 22:09:53 DEBUG Utilities - SLOWDOWN key found in properties file: 0
2024-08-29 22:09:53 DEBUG Utilities - CELL_SIZE key found in properties file: 3
2024-08-29 22:09:53 DEBUG Utilities - TERRAIN_DATA key found in properties file: terrain.json
2024-08-29 22:09:53 DEBUG Utilities - CHANCE key found in properties file: 50
2024-08-29 22:09:53 DEBUG Utilities - BUILDINGS_DATA key found in properties file: buildings.json
2024-08-29 22:09:53 DEBUG Utilities - TIMELINE key found in properties file: timeline.json
2024-08-29 22:09:53 DEBUG Origins - Reading file: c:/users/janne/IdeaProjects/FIRM2_/DATA/inputs//original_textfile_data/terrain.txt
2024-08-29 22:09:53 DEBUG Origins - ["ncols"	249	]
2024-08-29 22:09:53 DEBUG Origins - CellSize: ["cellsize"	50	] "cellsize" 50
2024-08-29 22:09:53 DEBUG Txt2Json - Write output file c:/users/janne/IdeaProjects/FIRM2_/DATA/inputs/Roads.json
