report,30000.04865999699
vehicle,kids & work,drowned-driving,08:10:46,cell 298535.779380190.1388,link 4000000012495149-
vehicle,kids & work,drowned-driving,07:56:17,cell 297635.779379490.1388,link 4000000012495048+
vehicle,kids & work,drowned-driving,08:11:24,cell 298885.779380140.1388,link 4000000012482504+
vehicle,kids & work,drowned-driving,07:56:40,cell 296835.779379190.1388,link 4000000012482492+
vehicle,kids & work,drowned-driving,07:56:47,cell 297485.779379490.1388,link 4000000012495047+
vehicle,kids & work,drowned-driving,07:56:24,cell 297085.779379240.1388,link 4000000012487934+
vehicle,kids & work,drowned-driving,07:56:14,cell 297685.779379440.1388,link 4000000012501497+
vehicle,kids & work,drowned-driving,07:57:06,cell 297885.779379740.1388,link 4000000012501530-
vehicle,kids & work,drowned-driving,07:57:02,cell 297785.779379240.1388,link 4000000012495063-
vehicle,kids & work,drowned-parked,07:56:27,node 4000000012473562
vehicle,kids & work,drowned-parked,08:13:13,node 4000000012473569
vehicle,kids & work,drowned-parked,08:13:13,node 4000000012473569
vehicle,kids & work,drowned-driving,08:11:48,cell 298535.779380190.1388,link 4000000012495149-
vehicle,kids & work,drowned-driving,07:55:10,cell 296935.779379590.1388,link 4000000012478055+
vehicle,kids & work,drowned-parked,07:56:07,node 4000000012473476
vehicle,kids & work,drowned-driving,08:14:00,cell 298685.779378840.1388,link 4000000012515736-
vehicle,kids & work,drowned-driving,08:11:57,cell 299135.779378640.1388,link 4000000012495072+
vehicle,kids & work,drowned-parked,08:04:33,node 4000000012473722
vehicle,kids & work,drowned-driving,07:56:40,cell 296835.779379190.1388,link 4000000012482492+
vehicle,kids & work,drowned-driving,07:56:33,cell 297785.779379290.1388,link 4000000012501496+
vehicle,kids & work,drowned-driving,07:55:10,cell 297035.779379590.1388,link 4000000012478055+
vehicle,kids & work,drowned-driving,07:56:30,cell 296735.779379190.1388,link 4000000012482492-
vehicle,kids & work,drowned-driving,07:56:47,cell 297135.779379240.1388,link 4000000012501482+
vehicle,kids & work,drowned-driving,07:56:26,cell 296635.779379240.1388,link 4000000012478053-
vehicle,kids & work,drowned-driving,07:56:35,cell 297785.779379690.1388,link 4000000012495105+
vehicle,kids & work,drowned-driving,07:56:40,cell 296835.779379190.1388,link 4000000012482492+
vehicle,kids & work,drowned-parked,08:10:06,node 4000000012473594
vehicle,kids & work,drowned-driving,08:03:49,cell 297785.779378790.1388,link 4000000012487932-
vehicle,kids & work,drowned-parked,08:12:28,node 4000000012473586
vehicle,kids & work,drowned-driving,07:59:01,cell 298085.779379890.1388,link 4000000012487965-
vehicle,kids & work,drowned-driving,07:56:24,cell 296635.779379240.1388,link 4000000012478053-
vehicle,kids & work,stranded,07:56:40,node 4000000012473477
vehicle,kids & work,drowned-parked,08:10:01,node 4000000012473591
vehicle,kids & work,drowned-driving,08:12:27,cell 298585.779379190.1388,link 4000000012515733-
vehicle,kids & work,drowned-driving,07:56:49,cell 297135.779379240.1388,link 4000000012501482+
vehicle,kids & work,drowned-driving,07:57:04,cell 297785.779379690.1388,link 4000000012495106+
vehicle,kids & work,drowned-driving,07:56:32,cell 297585.779379540.1388,link 4000000012495046+
vehicle,kids & work,drowned-driving,07:56:31,cell 296635.779379240.1388,link 4000000012478053+
vehicle,kids & work,drowned-driving,07:56:30,cell 296735.779379190.1388,link 4000000012482492-
vehicle,kids & work,drowned-driving,07:56:30,cell 296735.779379190.1388,link 4000000012478053+
vehicle,kids & work,drowned-driving,07:56:40,cell 296835.779379190.1388,link 4000000012482492+
vehicle,kids & work,drowned-driving,08:03:39,cell 298935.779379740.1388,link 4000000012487973+
vehicle,kids & work,stranded,07:50:50,node 4000000012862391
vehicle,kids & work,drowned-driving,07:56:50,cell 296635.779379240.1388,link 4000000012478053+
vehicle,kids & work,drowned-driving,07:56:42,cell 296735.779379190.1388,link 4000000012482492-
vehicle,kids & work,drowned-driving,07:57:07,cell 297885.779379740.1388,link 4000000012501530-
vehicle,kids & work,drowned-driving,07:56:31,cell 296735.779379190.1388,link 4000000012482492-
vehicle,kids & work,drowned-parked,07:56:20,node 4000000012473534
vehicle,kids & work,drowned-driving,07:56:39,cell 297635.779379590.1388,link 4000000012487964+
vehicle,kids & work,drowned-driving,07:56:47,cell 296785.779379190.1388,link 4000000012482492-
vehicle,kids & work,drowned-driving,07:56:35,cell 297785.779379690.1388,link 4000000012495106-
vehicle,kids & work,drowned-driving,07:56:46,cell 296885.779379190.1388,link 4000000012482492+
vehicle,kids & work,drowned-driving,07:56:47,cell 297135.779379240.1388,link 4000000012506915-
vehicle,kids & work,drowned-parked,08:14:48,node 4000000012473842
vehicle,kids & work,drowned-driving,07:56:24,cell 297085.779379240.1388,link 4000000012487934+
vehicle,kids & work,drowned-driving,08:11:59,cell 299135.779378640.1388,link 4000000012495072+
vehicle,kids & work,stranded,08:11:52,node 4000000012515522
vehicle,kids & work,drowned-driving,08:01:53,cell 298385.779380140.1388,link 4000000012505317-
vehicle,kids & work,drowned-parked,08:10:01,node 4000000012473591
vehicle,kids & work,drowned-driving,07:56:46,cell 296635.779379240.1388,link 4000000012478053+
vehicle,kids & work,drowned-driving,07:56:30,cell 296735.779379190.1388,link 4000000012478053+
vehicle,kids & work,drowned-driving,07:56:20,cell 297635.779379490.1388,link 4000000012495048+
vehicle,kids & work,drowned-driving,07:56:40,cell 296835.779379190.1388,link 4000000012482492+
vehicle,kids & work,drowned-driving,07:56:30,cell 296635.779379240.1388,link 4000000012478053+
vehicle,kids & work,drowned-driving,07:56:26,cell 297085.779379240.1388,link 4000000012487934-
vehicle,kids & work,drowned-driving,07:57:16,cell 297785.779379240.1388,link 4000000012495063-
vehicle,kids & work,drowned-driving,07:56:21,cell 297735.779379390.1388,link 4000000012501498-
vehicle,kids & work,drowned-parked,08:12:28,node 4000000012473586
vehicle,kids & work,drowned-driving,07:56:19,cell 297685.779379390.1388,link 4000000012501498-
vehicle,kids & work,drowned-driving,07:55:10,cell 296935.779379590.1388,link 4000000012478055+
vehicle,kids & work,drowned-driving,07:56:25,cell 297085.779379240.1388,link 4000000012487934+
vehicle,kids & work,drowned-driving,08:10:34,cell 298885.779380140.1388,link 4000000012482504+
vehicle,kids & work,drowned-parked,07:57:04,node 4000000012473665
vehicle,kids & work,drowned-parked,07:56:33,node 4000000012473539
vehicle,kids & work,drowned-driving,07:58:04,cell 297485.779379240.1388,link 4000000012487936+
vehicle,kids & work,drowned-parked,08:15:14,node 4000000012473723
vehicle,kids & work,drowned-parked,08:09:39,node 4000000012473573
vehicle,kids & work,drowned-driving,08:02:45,cell 298935.779379690.1388,link 4000000012487973-
vehicle,kids & work,drowned-parked,08:10:01,node 4000000012473591
vehicle,kids & work,drowned-driving,08:12:22,cell 299135.779378640.1388,link 4000000012495072+
vehicle,kids & work,drowned-driving,07:56:21,cell 297735.779379390.1388,link 4000000012501498+
vehicle,kids & work,drowned-driving,07:56:28,cell 296635.779379240.1388,link 4000000012478053+
vehicle,kids & work,drowned-driving,07:56:32,cell 297635.779379590.1388,link 4000000012487964-
vehicle,kids & work,drowned-driving,07:58:43,cell 297385.779379240.1388,link 4000000012501487-
vehicle,kids & work,drowned-driving,07:56:55,cell 297635.779379590.1388,link 4000000012487964+
vehicle,kids & work,stranded,08:11:59,node 4000000012515522
vehicle,kids & work,drowned-driving,07:56:24,cell 297085.779379240.1388,link 4000000012487934-
vehicle,kids & work,drowned-driving,07:57:11,cell 297585.779379290.1388,link 4000000012495062-
vehicle,kids & work,drowned-parked,08:10:01,node 4000000012473591
vehicle,kids & work,drowned-driving,07:56:40,cell 296835.779379190.1388,link 4000000012482492+
