report,30000.04865999699
vehicle,kids & work,drowned-driving,07:58:53,cell 297385.779379240.1388,link 4000000012501487-
vehicle,kids & work,drowned-driving,07:56:06,cell 297635.779379490.1388,link 4000000012495048-
vehicle,kids & work,drowned-driving,08:12:02,cell 298585.779379190.1388,link 4000000012515733-
vehicle,kids & work,drowned-parked,08:12:33,node 4000000012473582
vehicle,kids & work,drowned-parked,08:04:31,node 4000000012473722
vehicle,kids & work,drowned-driving,08:12:06,cell 298585.779379190.1388,link 4000000012515733-
vehicle,kids & work,drowned-parked,08:04:31,node 4000000012473722
vehicle,kids & work,drowned-driving,07:56:36,cell 296635.779379240.1388,link 4000000012478053+
vehicle,kids & work,drowned-driving,07:56:40,cell 296835.779379190.1388,link 4000000012482492+
vehicle,kids & work,drowned-driving,07:56:40,cell 296835.779379190.1388,link 4000000012482492+
vehicle,kids & work,drowned-parked,07:56:37,node 4000000012473539
vehicle,kids & work,drowned-driving,07:56:46,cell 296635.779379240.1388,link 4000000012478053+
vehicle,kids & work,drowned-parked,08:10:37,node 4000000012473761
vehicle,kids & work,stranded,08:13:00,node 4000000012473597
vehicle,kids & work,drowned-driving,07:56:35,cell 296635.779379240.1388,link 4000000012478053+
vehicle,kids & work,drowned-driving,07:55:08,cell 296935.779379590.1388,link 4000000012478055+
vehicle,kids & work,drowned-driving,07:56:55,cell 297885.779379740.1388,link 4000000012501530-
vehicle,kids & work,drowned-driving,07:56:19,cell 297635.779379490.1388,link 4000000012495048+
vehicle,kids & work,drowned-driving,07:56:31,cell 296735.779379190.1388,link 4000000012482492+
vehicle,kids & work,drowned-driving,08:05:18,cell 298935.779379840.1388,link 4000000012487970-
vehicle,kids & work,drowned-parked,07:56:05,node 4000000012473476
vehicle,kids & work,drowned-parked,08:12:33,node 4000000012473582
vehicle,kids & work,drowned-parked,08:04:17,node 4000000012473715
vehicle,kids & work,drowned-parked,07:57:07,node 4000000012473665
vehicle,kids & work,drowned-driving,08:12:26,cell 299135.779378640.1388,link 4000000012495072+
vehicle,kids & work,stranded,08:13:27,node 4000000012473597
vehicle,kids & work,drowned-driving,07:56:40,cell 296835.779379190.1388,link 4000000012482492+
vehicle,kids & work,drowned-driving,07:56:40,cell 296835.779379190.1388,link 4000000012482492+
vehicle,kids & work,drowned-driving,08:12:04,cell 299135.779378640.1388,link 4000000012495072+
vehicle,kids & work,drowned-driving,07:57:11,cell 297585.779379290.1388,link 4000000012495062-
vehicle,kids & work,drowned-driving,07:56:40,cell 296835.779379190.1388,link 4000000012482492+
vehicle,kids & work,drowned-driving,07:56:52,cell 297785.779379690.1388,link 4000000012495105-
vehicle,kids & work,drowned-driving,07:55:28,cell 297185.779379690.1388,link 4000000012487961+
vehicle,kids & work,drowned-driving,07:57:46,cell 297485.779379240.1388,link 4000000012487936+
vehicle,kids & work,drowned-driving,07:56:30,cell 297585.779379540.1388,link 4000000012495046+
vehicle,kids & work,drowned-driving,07:56:31,cell 296735.779379190.1388,link 4000000012478053+
vehicle,kids & work,drowned-driving,07:56:40,cell 296835.779379190.1388,link 4000000012482492+
vehicle,kids & work,drowned-driving,07:56:46,cell 296985.779379190.1388,link 4000000012487934-
vehicle,kids & work,drowned-driving,07:56:46,cell 296885.779379190.1388,link 4000000012482492-
vehicle,kids & work,drowned-driving,07:56:33,cell 297785.779379290.1388,link 4000000012501495+
vehicle,kids & work,drowned-driving,08:01:46,cell 298435.779380140.1388,link 4000000012487972-
vehicle,kids & work,drowned-parked,08:12:33,node 4000000012473586
vehicle,kids & work,drowned-driving,07:56:43,cell 296635.779379240.1388,link 4000000012478053+
vehicle,kids & work,drowned-driving,07:56:31,cell 296735.779379190.1388,link 4000000012482492-
vehicle,kids & work,drowned-driving,07:56:40,cell 296835.779379190.1388,link 4000000012482492+
vehicle,kids & work,drowned-driving,07:56:26,cell 296635.779379240.1388,link 4000000012478053-
vehicle,kids & work,drowned-driving,08:03:18,cell 298485.779379740.1388,link 4000000012495120-
vehicle,kids & work,drowned-driving,07:57:07,cell 297785.779379690.1388,link 4000000012495106+
vehicle,kids & work,drowned-driving,07:56:16,cell 297685.779379440.1388,link 4000000012501497-
vehicle,kids & work,drowned-driving,07:56:46,cell 296885.779379190.1388,link 4000000012482492+
vehicle,kids & work,drowned-driving,08:12:03,cell 299135.779378640.1388,link 4000000012495072+
vehicle,kids & work,drowned-driving,07:56:34,cell 297635.779379590.1388,link 4000000012487964-
vehicle,kids & work,drowned-driving,07:56:31,cell 296735.779379190.1388,link 4000000012478053+
vehicle,kids & work,stranded,07:50:50,node 4000000012862391
vehicle,kids & work,drowned-driving,07:56:40,cell 296835.779379190.1388,link 4000000012482492+
vehicle,kids & work,drowned-driving,07:58:48,cell 297385.779379240.1388,link 4000000012501487-
vehicle,kids & work,drowned-driving,07:56:37,cell 297635.779379590.1388,link 4000000012487964+
vehicle,kids & work,drowned-parked,07:55:31,node 4000000012473660
vehicle,kids & work,drowned-parked,08:09:40,node 4000000012473573
vehicle,kids & work,drowned-driving,07:56:48,cell 296635.779379240.1388,link 4000000012478053+
vehicle,kids & work,drowned-driving,07:56:38,cell 296635.779379240.1388,link 4000000012478053+
vehicle,kids & work,drowned-driving,07:57:08,cell 297185.779379290.1388,link 4000000012487939-
vehicle,kids & work,drowned-driving,08:12:51,cell 298585.779379190.1388,link 4000000012515733-
vehicle,kids & work,drowned-driving,07:56:05,cell 297635.779379490.1388,link 4000000012495048+
vehicle,kids & work,drowned-parked,08:15:02,node 4000000012473711
vehicle,kids & work,drowned-parked,08:04:31,node 4000000012473722
vehicle,kids & work,drowned-driving,08:03:58,cell 297785.779378790.1388,link 4000000012487932-
vehicle,kids & work,drowned-driving,07:56:41,cell 296835.779379190.1388,link 4000000012482492+
vehicle,kids & work,drowned-driving,07:56:39,cell 296635.779379240.1388,link 4000000012478053+
